Arguments: 
  /Users/egodoy/.nvm/versions/node/v12.13.0/bin/node /Users/egodoy/.nvm/versions/node/v10.16.3/bin/yarn install

PATH: 
  /Users/egodoy/.nvm/versions/node/v12.13.0/bin:/Users/egodoy/.nvm/versions/node/v10.16.3/bin:/usr/local/bin:/usr/bin:/bin:/usr/sbin:/sbin:/Users/egodoy/.nvm/versions/node/v10.16.3/bin

Yarn version: 
  1.22.19

Node version: 
  12.13.0

Platform: 
  darwin x64

Trace: 
  Error: https://dev--pegada.myvtex.com/_v/private/typings/linked/v1/pegada.store-theme@0.0.111+build1751346375/public/@types/pegada.store-theme: Request failed "500 Internal Server Error"
      at ResponseError.ExtendableBuiltin (/Users/egodoy/.nvm/versions/node/v10.16.3/lib/node_modules/yarn/lib/cli.js:696:66)
      at new ResponseError (/Users/egodoy/.nvm/versions/node/v10.16.3/lib/node_modules/yarn/lib/cli.js:802:124)
      at Request.<anonymous> (/Users/egodoy/.nvm/versions/node/v10.16.3/lib/node_modules/yarn/lib/cli.js:66215:16)
      at Request.emit (events.js:210:5)
      at Request.module.exports.Request.onRequestResponse (/Users/egodoy/.nvm/versions/node/v10.16.3/lib/node_modules/yarn/lib/cli.js:141767:10)
      at ClientRequest.emit (events.js:210:5)
      at HTTPParser.parserOnIncomingClient [as onIncoming] (_http_client.js:583:27)
      at HTTPParser.parserOnHeadersComplete (_http_common.js:115:17)
      at TLSSocket.socketOnData (_http_client.js:456:22)
      at TLSSocket.emit (events.js:210:5)

npm manifest: 
  {
    "name": "theme",
    "version": "1.0.0",
    "description": "",
    "main": "index.js",
    "scripts": {
      "test": "echo \"Error: no test specified\" && exit 1"
    },
    "author": "",
    "license": "ISC",
    "dependencies": {
      "axios": "^1.6.8",
      "nuka-carousel": "^8.1.1",
      "react-markdown": "^8.0.3",
      "react-slick": "^0.29.0",
      "react-zoom-pan-pinch": "^3.1.0",
      "styled-components": "^5.3.3"
    },
    "devDependencies": {
      "pegada.store-theme": "https://dev--pegada.myvtex.com/_v/private/typings/linked/v1/pegada.store-theme@0.0.111+build1751346375/public/@types/pegada.store-theme",
      "vtex.add-to-cart-button": "http://vtex.vtexassets.com/_v/public/typings/v1/vtex.add-to-cart-button@0.30.2/public/@types/vtex.add-to-cart-button",
      "vtex.breadcrumb": "http://vtex.vtexassets.com/_v/public/typings/v1/vtex.breadcrumb@1.9.5/public/@types/vtex.breadcrumb",
      "vtex.carousel": "http://vtex.vtexassets.com/_v/public/typings/v1/vtex.carousel@2.12.1/public/@types/vtex.carousel",
      "vtex.checkout-resources": "http://vtex.vtexassets.com/_v/public/typings/v1/vtex.checkout-resources@0.50.0/public/@types/vtex.checkout-resources",
      "vtex.checkout-summary": "http://vtex.vtexassets.com/_v/public/typings/v1/vtex.checkout-summary@0.22.0/public/@types/vtex.checkout-summary",
      "vtex.condition-layout": "http://vtex.vtexassets.com/_v/public/typings/v1/vtex.condition-layout@2.8.1/public/@types/vtex.condition-layout",
      "vtex.css-handles": "http://vtex.vtexassets.com/_v/public/typings/v1/vtex.css-handles@1.0.1/public/@types/vtex.css-handles",
      "vtex.device-detector": "http://vtex.vtexassets.com/_v/public/typings/v1/vtex.device-detector@0.2.6/public/@types/vtex.device-detector",
      "vtex.disclosure-layout": "http://vtex.vtexassets.com/_v/public/typings/v1/vtex.disclosure-layout@1.0.3/public/@types/vtex.disclosure-layout",
      "vtex.flex-layout": "http://vtex.vtexassets.com/_v/public/typings/v1/vtex.flex-layout@0.21.4/public/@types/vtex.flex-layout",
      "vtex.formatted-price": "http://vtex.vtexassets.com/_v/public/typings/v1/vtex.formatted-price@0.7.0/public/@types/vtex.formatted-price",
      "vtex.iframe": "http://vtex.vtexassets.com/_v/public/typings/v1/vtex.iframe@0.8.0/public/@types/vtex.iframe",
      "vtex.list-context": "http://vtex.vtexassets.com/_v/public/typings/v1/vtex.list-context@0.2.0/public/@types/vtex.list-context",
      "vtex.locale-switcher": "http://vtex.vtexassets.com/_v/public/typings/v1/vtex.locale-switcher@0.5.6/public/@types/vtex.locale-switcher",
      "vtex.login": "http://vtex.vtexassets.com/_v/public/typings/v1/vtex.login@2.66.0/public/@types/vtex.login",
      "vtex.menu": "http://vtex.vtexassets.com/_v/public/typings/v1/vtex.menu@2.35.3/public/@types/vtex.menu",
      "vtex.minicart": "http://vtex.vtexassets.com/_v/public/typings/v1/vtex.minicart@2.68.0/public/@types/vtex.minicart",
      "vtex.modal-layout": "http://vtex.vtexassets.com/_v/public/typings/v1/vtex.modal-layout@0.14.1/public/@types/vtex.modal-layout",
      "vtex.my-account": "http://vtex.vtexassets.com/_v/public/typings/v1/vtex.my-account@1.29.0/public/@types/vtex.my-account",
      "vtex.my-orders-app": "http://vtex.vtexassets.com/_v/public/typings/v1/vtex.my-orders-app@3.25.3/public/_types/react",
      "vtex.order-items": "http://vtex.vtexassets.com/_v/public/typings/v1/vtex.order-items@0.14.0/public/@types/vtex.order-items",
      "vtex.order-manager": "http://vtex.vtexassets.com/_v/public/typings/v1/vtex.order-manager@0.12.0/public/@types/vtex.order-manager",
      "vtex.order-placed": "http://vtex.vtexassets.com/_v/public/typings/v1/vtex.order-placed@2.19.0/public/@types/vtex.order-placed",
      "vtex.pixel-manager": "http://vtex.vtexassets.com/_v/public/typings/v1/vtex.pixel-manager@1.9.0/public/@types/vtex.pixel-manager",
      "vtex.product-bookmark-interfaces": "http://vtex.vtexassets.com/_v/public/typings/v1/vtex.product-bookmark-interfaces@1.0.1/public/@types/vtex.product-bookmark-interfaces",
      "vtex.product-context": "http://vtex.vtexassets.com/_v/public/typings/v1/vtex.product-context@0.10.1/public/@types/vtex.product-context",
      "vtex.product-customizer": "http://vtex.vtexassets.com/_v/public/typings/v1/vtex.product-customizer@2.12.4/public/@types/vtex.product-customizer",
      "vtex.product-details": "http://vtex.vtexassets.com/_v/public/typings/v1/vtex.product-details@1.22.0/public/@types/vtex.product-details",
      "vtex.product-gifts": "http://vtex.vtexassets.com/_v/public/typings/v1/vtex.product-gifts@0.4.0/public/@types/vtex.product-gifts",
      "vtex.product-highlights": "http://vtex.vtexassets.com/_v/public/typings/v1/vtex.product-highlights@2.3.0/public/@types/vtex.product-highlights",
      "vtex.product-identifier": "http://vtex.vtexassets.com/_v/public/typings/v1/vtex.product-identifier@0.5.0/public/@types/vtex.product-identifier",
      "vtex.product-kit": "http://vtex.vtexassets.com/_v/public/typings/v1/vtex.product-kit@1.10.2/public/_types/react",
      "vtex.product-list": "http://vtex.vtexassets.com/_v/public/typings/v1/vtex.product-list@0.37.3/public/@types/vtex.product-list",
      "vtex.product-price": "http://vtex.vtexassets.com/_v/public/typings/v1/vtex.product-price@1.31.2/public/@types/vtex.product-price",
      "vtex.product-quantity": "http://vtex.vtexassets.com/_v/public/typings/v1/vtex.product-quantity@1.9.0/public/@types/vtex.product-quantity",
      "vtex.product-review-interfaces": "http://vtex.vtexassets.com/_v/public/typings/v1/vtex.product-review-interfaces@1.0.2/public/_types/react",
      "vtex.product-specification-badges": "http://vtex.vtexassets.com/_v/public/typings/v1/vtex.product-specification-badges@0.4.1/public/@types/vtex.product-specification-badges",
      "vtex.product-specifications": "http://vtex.vtexassets.com/_v/public/typings/v1/vtex.product-specifications@1.1.1/public/@types/vtex.product-specifications",
      "vtex.product-summary": "http://vtex.vtexassets.com/_v/public/typings/v1/vtex.product-summary@2.90.4/public/@types/vtex.product-summary",
      "vtex.product-summary-context": "http://vtex.vtexassets.com/_v/public/typings/v1/vtex.product-summary-context@0.12.0/public/@types/vtex.product-summary-context",
      "vtex.profile-form": "http://vtex.vtexassets.com/_v/public/typings/v1/vtex.profile-form@2.21.0/public/@types/vtex.profile-form",
      "vtex.render-runtime": "http://vtex.vtexassets.com/_v/public/typings/v1/vtex.render-runtime@8.136.1/public/@types/vtex.render-runtime",
      "vtex.responsive-layout": "http://vtex.vtexassets.com/_v/public/typings/v1/vtex.responsive-layout@0.1.4/public/@types/vtex.responsive-layout",
      "vtex.rich-text": "http://vtex.vtexassets.com/_v/public/typings/v1/vtex.rich-text@0.16.0/public/@types/vtex.rich-text",
      "vtex.search": "http://vtex.vtexassets.com/_v/public/typings/v1/vtex.search@1.5.1/public/@types/vtex.search",
      "vtex.search-graphql": "http://vtex.vtexassets.com/_v/public/typings/v1/vtex.search-graphql@0.69.0/public/@types/vtex.search-graphql",
      "vtex.search-page-context": "http://vtex.vtexassets.com/_v/public/typings/v1/vtex.search-page-context@0.2.0/public/@types/vtex.search-page-context",
      "vtex.search-result": "http://vtex.vtexassets.com/_v/public/typings/v1/vtex.search-result@3.136.1/public/@types/vtex.search-result",
      "vtex.shelf": "http://vtex.vtexassets.com/_v/public/typings/v1/vtex.shelf@1.49.0/public/@types/vtex.shelf",
      "vtex.shelf-components": "http://vtex.vtexassets.com/_v/public/typings/v1/vtex.shelf-components@0.10.1/public/@types/vtex.shelf-components",
      "vtex.slider": "http://vtex.vtexassets.com/_v/public/typings/v1/vtex.slider@0.8.3/public/@types/vtex.slider",
      "vtex.slider-layout": "http://vtex.vtexassets.com/_v/public/typings/v1/vtex.slider-layout@0.24.7/public/@types/vtex.slider-layout",
      "vtex.stack-layout": "http://vtex.vtexassets.com/_v/public/typings/v1/vtex.stack-layout@0.1.2/public/@types/vtex.stack-layout",
      "vtex.sticky-layout": "http://vtex.vtexassets.com/_v/public/typings/v1/vtex.sticky-layout@0.3.4/public/@types/vtex.sticky-layout",
      "vtex.store": "http://vtex.vtexassets.com/_v/public/typings/v1/vtex.store@2.142.0/public/@types/vtex.store",
      "vtex.store-components": "http://vtex.vtexassets.com/_v/public/typings/v1/vtex.store-components@3.178.0/public/@types/vtex.store-components",
      "vtex.store-drawer": "http://vtex.vtexassets.com/_v/public/typings/v1/vtex.store-drawer@0.18.1/public/@types/vtex.store-drawer",
      "vtex.store-footer": "http://vtex.vtexassets.com/_v/public/typings/v1/vtex.store-footer@2.27.0/public/@types/vtex.store-footer",
      "vtex.store-form": "http://vtex.vtexassets.com/_v/public/typings/v1/vtex.store-form@0.10.1/public/@types/vtex.store-form",
      "vtex.store-graphql": "http://vtex.vtexassets.com/_v/public/typings/v1/vtex.store-graphql@2.173.0/public/@types/vtex.store-graphql",
      "vtex.store-header": "http://vtex.vtexassets.com/_v/public/typings/v1/vtex.store-header@2.29.0/public/@types/vtex.store-header",
      "vtex.store-icons": "http://vtex.vtexassets.com/_v/public/typings/v1/vtex.store-icons@0.18.0/public/@types/vtex.store-icons",
      "vtex.store-image": "http://vtex.vtexassets.com/_v/public/typings/v1/vtex.store-image@0.23.1/public/@types/vtex.store-image",
      "vtex.store-link": "http://vtex.vtexassets.com/_v/public/typings/v1/vtex.store-link@0.9.3/public/@types/vtex.store-link",
      "vtex.store-video": "http://vtex.vtexassets.com/_v/public/typings/v1/vtex.store-video@1.4.3/public/@types/vtex.store-video",
      "vtex.styleguide": "http://vtex.vtexassets.com/_v/public/typings/v1/vtex.styleguide@9.146.13/public/@types/vtex.styleguide",
      "vtex.tab-layout": "http://vtex.vtexassets.com/_v/public/typings/v1/vtex.tab-layout@0.4.6/public/@types/vtex.tab-layout",
      "vtex.telemarketing": "http://vtex.vtexassets.com/_v/public/typings/v1/vtex.telemarketing@2.12.1/public/@types/vtex.telemarketing",
      "vtex.toggle-layout": "http://vtex.vtexassets.com/_v/public/typings/v1/vtex.toggle-layout@0.0.3/public/@types/vtex.toggle-layout",
      "vtex.visibility-layout": "http://vtex.vtexassets.com/_v/public/typings/v1/vtex.visibility-layout@0.2.1/public/@types/vtex.visibility-layout"
    }
  }

yarn manifest: 
  No manifest

Lockfile: 
  # THIS IS AN AUTOGENERATED FILE. DO NOT EDIT THIS FILE DIRECTLY.
  # yarn lockfile v1
  
  
  "@babel/code-frame@^7.24.7":
    version "7.24.7"
    resolved "https://registry.yarnpkg.com/@babel/code-frame/-/code-frame-7.24.7.tgz#882fd9e09e8ee324e496bd040401c6f046ef4465"
    integrity sha512-BcYH1CVJBO9tvyIZ2jVeXgSIMvGZ2FDRvDdOIVQyuklNKSsx+eppDEBq/g47Ayw+RqNFE+URvOShmf+f/qwAlA==
    dependencies:
      "@babel/highlight" "^7.24.7"
      picocolors "^1.0.0"
  
  "@babel/generator@^7.25.6":
    version "7.25.6"
    resolved "https://registry.yarnpkg.com/@babel/generator/-/generator-7.25.6.tgz#0df1ad8cb32fe4d2b01d8bf437f153d19342a87c"
    integrity sha512-VPC82gr1seXOpkjAAKoLhP50vx4vGNlF4msF64dSFq1P8RfB+QAuJWGHPXXPc8QyfVWwwB/TNNU4+ayZmHNbZw==
    dependencies:
      "@babel/types" "^7.25.6"
      "@jridgewell/gen-mapping" "^0.3.5"
      "@jridgewell/trace-mapping" "^0.3.25"
      jsesc "^2.5.1"
  
  "@babel/helper-annotate-as-pure@^7.22.5":
    version "7.24.7"
    resolved "https://registry.yarnpkg.com/@babel/helper-annotate-as-pure/-/helper-annotate-as-pure-7.24.7.tgz#5373c7bc8366b12a033b4be1ac13a206c6656aab"
    integrity sha512-BaDeOonYvhdKw+JoMVkAixAAJzG2jVPIwWoKBPdYuY9b452e2rPuI9QPYh3KpofZ3pW2akOmwZLOiOsHMiqRAg==
    dependencies:
      "@babel/types" "^7.24.7"
  
  "@babel/helper-module-imports@^7.0.0", "@babel/helper-module-imports@^7.22.5":
    version "7.24.7"
    resolved "https://registry.yarnpkg.com/@babel/helper-module-imports/-/helper-module-imports-7.24.7.tgz#f2f980392de5b84c3328fc71d38bd81bbb83042b"
    integrity sha512-8AyH3C+74cgCVVXow/myrynrAGv+nTVg5vKu2nZph9x7RcRwzmh0VFallJuFTZ9mx6u4eSdXZfcOzSqTUm0HCA==
    dependencies:
      "@babel/traverse" "^7.24.7"
      "@babel/types" "^7.24.7"
  
  "@babel/helper-plugin-utils@^7.24.7":
    version "7.24.8"
    resolved "https://registry.yarnpkg.com/@babel/helper-plugin-utils/-/helper-plugin-utils-7.24.8.tgz#94ee67e8ec0e5d44ea7baeb51e571bd26af07878"
    integrity sha512-FFWx5142D8h2Mgr/iPVGH5G7w6jDn4jUSpZTyDnQO0Yn7Ks2Kuz6Pci8H6MPCoUJegd/UZQ3tAvfLCxQSnWWwg==
  
  "@babel/helper-string-parser@^7.24.8":
    version "7.24.8"
    resolved "https://registry.yarnpkg.com/@babel/helper-string-parser/-/helper-string-parser-7.24.8.tgz#5b3329c9a58803d5df425e5785865881a81ca48d"
    integrity sha512-pO9KhhRcuUyGnJWwyEgnRJTSIZHiT+vMD0kPeD+so0l7mxkMT19g3pjY9GTnHySck/hDzq+dtW/4VgnMkippsQ==
  
  "@babel/helper-validator-identifier@^7.24.7":
    version "7.24.7"
    resolved "https://registry.yarnpkg.com/@babel/helper-validator-identifier/-/helper-validator-identifier-7.24.7.tgz#75b889cfaf9e35c2aaf42cf0d72c8e91719251db"
    integrity sha512-rR+PBcQ1SMQDDyF6X0wxtG8QyLCgUB0eRAGguqRLfkCA87l7yAP7ehq8SNj96OOGTO8OBV70KhuFYcIkHXOg0w==
  
  "@babel/highlight@^7.24.7":
    version "7.24.7"
    resolved "https://registry.yarnpkg.com/@babel/highlight/-/highlight-7.24.7.tgz#a05ab1df134b286558aae0ed41e6c5f731bf409d"
    integrity sha512-EStJpq4OuY8xYfhGVXngigBJRWxftKX9ksiGDnmlY3o7B/V7KIAc9X4oiK87uPJSc/vs5L869bem5fhZa8caZw==
    dependencies:
      "@babel/helper-validator-identifier" "^7.24.7"
      chalk "^2.4.2"
      js-tokens "^4.0.0"
      picocolors "^1.0.0"
  
  "@babel/parser@^7.25.0", "@babel/parser@^7.25.6":
    version "7.25.6"
    resolved "https://registry.yarnpkg.com/@babel/parser/-/parser-7.25.6.tgz#85660c5ef388cbbf6e3d2a694ee97a38f18afe2f"
    integrity sha512-trGdfBdbD0l1ZPmcJ83eNxB9rbEax4ALFTF7fN386TMYbeCQbyme5cOEXQhbGXKebwGaB/J52w1mrklMcbgy6Q==
    dependencies:
      "@babel/types" "^7.25.6"
  
  "@babel/plugin-syntax-jsx@^7.22.5":
    version "7.24.7"
    resolved "https://registry.yarnpkg.com/@babel/plugin-syntax-jsx/-/plugin-syntax-jsx-7.24.7.tgz#39a1fa4a7e3d3d7f34e2acc6be585b718d30e02d"
    integrity sha512-6ddciUPe/mpMnOKv/U+RSd2vvVy+Yw/JfBB0ZHYjEZt9NLHmCUylNYlsbqCCS1Bffjlb0fCwC9Vqz+sBz6PsiQ==
    dependencies:
      "@babel/helper-plugin-utils" "^7.24.7"
  
  "@babel/template@^7.25.0":
    version "7.25.0"
    resolved "https://registry.yarnpkg.com/@babel/template/-/template-7.25.0.tgz#e733dc3134b4fede528c15bc95e89cb98c52592a"
    integrity sha512-aOOgh1/5XzKvg1jvVz7AVrx2piJ2XBi227DHmbY6y+bM9H2FlN+IfecYu4Xl0cNiiVejlsCri89LUsbj8vJD9Q==
    dependencies:
      "@babel/code-frame" "^7.24.7"
      "@babel/parser" "^7.25.0"
      "@babel/types" "^7.25.0"
  
  "@babel/traverse@^7.24.7", "@babel/traverse@^7.4.5":
    version "7.25.6"
    resolved "https://registry.yarnpkg.com/@babel/traverse/-/traverse-7.25.6.tgz#04fad980e444f182ecf1520504941940a90fea41"
    integrity sha512-9Vrcx5ZW6UwK5tvqsj0nGpp/XzqthkT0dqIc9g1AdtygFToNtTF67XzYS//dm+SAK9cp3B9R4ZO/46p63SCjlQ==
    dependencies:
      "@babel/code-frame" "^7.24.7"
      "@babel/generator" "^7.25.6"
      "@babel/parser" "^7.25.6"
      "@babel/template" "^7.25.0"
      "@babel/types" "^7.25.6"
      debug "^4.3.1"
      globals "^11.1.0"
  
  "@babel/types@^7.24.7", "@babel/types@^7.25.0", "@babel/types@^7.25.6":
    version "7.25.6"
    resolved "https://registry.yarnpkg.com/@babel/types/-/types-7.25.6.tgz#893942ddb858f32ae7a004ec9d3a76b3463ef8e6"
    integrity sha512-/l42B1qxpG6RdfYf343Uw1vmDjeNhneUXtzhojE7pDgfpEypmRhI6j1kr17XCVv4Cgl9HdAiQY2x0GwKm7rWCw==
    dependencies:
      "@babel/helper-string-parser" "^7.24.8"
      "@babel/helper-validator-identifier" "^7.24.7"
      to-fast-properties "^2.0.0"
  
  "@emotion/is-prop-valid@^1.1.0":
    version "1.3.1"
    resolved "https://registry.yarnpkg.com/@emotion/is-prop-valid/-/is-prop-valid-1.3.1.tgz#8d5cf1132f836d7adbe42cf0b49df7816fc88240"
    integrity sha512-/ACwoqx7XQi9knQs/G0qKvv5teDMhD7bXYns9N/wM8ah8iNb8jZ2uNO0YOgiq2o2poIvVtJS2YALasQuMSQ7Kw==
    dependencies:
      "@emotion/memoize" "^0.9.0"
  
  "@emotion/memoize@^0.9.0":
    version "0.9.0"
    resolved "https://registry.yarnpkg.com/@emotion/memoize/-/memoize-0.9.0.tgz#745969d649977776b43fc7648c556aaa462b4102"
    integrity sha512-30FAj7/EoJ5mwVPOWhAyCX+FPfMDrVecJAM+Iw9NRoSl4BBAQeqj4cApHHUXOVvIPgLVDsCFoz/hGD+5QQD1GQ==
  
  "@emotion/stylis@^0.8.4":
    version "0.8.5"
    resolved "https://registry.yarnpkg.com/@emotion/stylis/-/stylis-0.8.5.tgz#deacb389bd6ee77d1e7fcaccce9e16c5c7e78e04"
    integrity sha512-h6KtPihKFn3T9fuIrwvXXUOwlx3rfUvfZIcP5a6rh8Y7zjE3O06hT5Ss4S/YI1AYhuZ1kjaE/5EaOOI2NqSylQ==
  
  "@emotion/unitless@^0.7.4":
    version "0.7.5"
    resolved "https://registry.yarnpkg.com/@emotion/unitless/-/unitless-0.7.5.tgz#77211291c1900a700b8a78cfafda3160d76949ed"
    integrity sha512-OWORNpfjMsSSUBVrRBVGECkhWcULOAJz9ZW8uK9qgxD+87M7jHRcvh/A96XXNhXTLmKcoYSQtBEX7lHMO7YRwg==
  
  "@jridgewell/gen-mapping@^0.3.5":
    version "0.3.5"
    resolved "https://registry.yarnpkg.com/@jridgewell/gen-mapping/-/gen-mapping-0.3.5.tgz#dcce6aff74bdf6dad1a95802b69b04a2fcb1fb36"
    integrity sha512-IzL8ZoEDIBRWEzlCcRhOaCupYyN5gdIK+Q6fbFdPDg6HqX6jpkItn7DFIpW9LQzXG6Df9sA7+OKnq0qlz/GaQg==
    dependencies:
      "@jridgewell/set-array" "^1.2.1"
      "@jridgewell/sourcemap-codec" "^1.4.10"
      "@jridgewell/trace-mapping" "^0.3.24"
  
  "@jridgewell/resolve-uri@^3.1.0":
    version "3.1.2"
    resolved "https://registry.yarnpkg.com/@jridgewell/resolve-uri/-/resolve-uri-3.1.2.tgz#7a0ee601f60f99a20c7c7c5ff0c80388c1189bd6"
    integrity sha512-bRISgCIjP20/tbWSPWMEi54QVPRZExkuD9lJL+UIxUKtwVJA8wW1Trb1jMs1RFXo1CBTNZ/5hpC9QvmKWdopKw==
  
  "@jridgewell/set-array@^1.2.1":
    version "1.2.1"
    resolved "https://registry.yarnpkg.com/@jridgewell/set-array/-/set-array-1.2.1.tgz#558fb6472ed16a4c850b889530e6b36438c49280"
    integrity sha512-R8gLRTZeyp03ymzP/6Lil/28tGeGEzhx1q2k703KGWRAI1VdvPIXdG70VJc2pAMw3NA6JKL5hhFu1sJX0Mnn/A==
  
  "@jridgewell/sourcemap-codec@^1.4.10", "@jridgewell/sourcemap-codec@^1.4.14":
    version "1.5.0"
    resolved "https://registry.yarnpkg.com/@jridgewell/sourcemap-codec/-/sourcemap-codec-1.5.0.tgz#3188bcb273a414b0d215fd22a58540b989b9409a"
    integrity sha512-gv3ZRaISU3fjPAgNsriBRqGWQL6quFx04YMPW/zD8XMLsU32mhCCbfbO6KZFLjvYpCZ8zyDEgqsgf+PwPaM7GQ==
  
  "@jridgewell/trace-mapping@^0.3.24", "@jridgewell/trace-mapping@^0.3.25":
    version "0.3.25"
    resolved "https://registry.yarnpkg.com/@jridgewell/trace-mapping/-/trace-mapping-0.3.25.tgz#15f190e98895f3fc23276ee14bc76b675c2e50f0"
    integrity sha512-vNk6aEwybGtawWmy/PzwnGDOjCkLWSD2wqvjGGAgOAwCGWySYXfYoxt00IJkTF+8Lb57DwOb3Aa0o9CApepiYQ==
    dependencies:
      "@jridgewell/resolve-uri" "^3.1.0"
      "@jridgewell/sourcemap-codec" "^1.4.14"
  
  "@types/debug@^4.0.0":
    version "4.1.12"
    resolved "https://registry.yarnpkg.com/@types/debug/-/debug-4.1.12.tgz#a155f21690871953410df4b6b6f53187f0500917"
    integrity sha512-vIChWdVG3LG1SMxEvI/AK+FWJthlrqlTu7fbrlywTkkaONwk/UAGaULXRlf8vkzFBLVm0zkMdCquhL5aOjhXPQ==
    dependencies:
      "@types/ms" "*"
  
  "@types/hast@^2.0.0":
    version "2.3.10"
    resolved "https://registry.yarnpkg.com/@types/hast/-/hast-2.3.10.tgz#5c9d9e0b304bbb8879b857225c5ebab2d81d7643"
    integrity sha512-McWspRw8xx8J9HurkVBfYj0xKoE25tOFlHGdx4MJ5xORQrMGZNqJhVQWaIbm6Oyla5kYOXtDiopzKRJzEOkwJw==
    dependencies:
      "@types/unist" "^2"
  
  "@types/mdast@^3.0.0":
    version "3.0.15"
    resolved "https://registry.yarnpkg.com/@types/mdast/-/mdast-3.0.15.tgz#49c524a263f30ffa28b71ae282f813ed000ab9f5"
    integrity sha512-LnwD+mUEfxWMa1QpDraczIn6k0Ee3SMicuYSSzS6ZYl2gKS09EClnJYGd8Du6rfc5r/GZEk5o1mRb8TaTj03sQ==
    dependencies:
      "@types/unist" "^2"
  
  "@types/ms@*":
    version "0.7.34"
    resolved "https://registry.yarnpkg.com/@types/ms/-/ms-0.7.34.tgz#10964ba0dee6ac4cd462e2795b6bebd407303433"
    integrity sha512-nG96G3Wp6acyAgJqGasjODb+acrI7KltPiRxzHPXnP3NgI28bpQDRv53olbqGXbfcgF5aiiHmO3xpwEpS5Ld9g==
  
  "@types/prop-types@^15.0.0":
    version "15.7.13"
    resolved "https://registry.yarnpkg.com/@types/prop-types/-/prop-types-15.7.13.tgz#2af91918ee12d9d32914feb13f5326658461b451"
    integrity sha512-hCZTSvwbzWGvhqxp/RqVqwU999pBf2vp7hzIjiYOsl8wqOmUxkQ6ddw1cV3l8811+kdUFus/q4d1Y3E3SyEifA==
  
  "@types/unist@^2", "@types/unist@^2.0.0":
    version "2.0.11"
    resolved "https://registry.yarnpkg.com/@types/unist/-/unist-2.0.11.tgz#11af57b127e32487774841f7a4e54eab166d03c4"
    integrity sha512-CmBKiL6NNo/OqgmMn95Fk9Whlp2mtvIv+KNpQKN2F4SjvrEesubTRWGYSg+BnWZOnlCaSTU1sMpsBOzgbYhnsA==
  
  ansi-styles@^3.2.1:
    version "3.2.1"
    resolved "https://registry.yarnpkg.com/ansi-styles/-/ansi-styles-3.2.1.tgz#41fbb20243e50b12be0f04b8dedbf07520ce841d"
    integrity sha512-VT0ZI6kZRdTh8YyJw3SMbYm/u+NqfsAxEpWO0Pf9sq8/e94WxxOpPKx9FR1FlyCtOVDNOQ+8ntlqFxiRc+r5qA==
    dependencies:
      color-convert "^1.9.0"
  
  asynckit@^0.4.0:
    version "0.4.0"
    resolved "https://registry.yarnpkg.com/asynckit/-/asynckit-0.4.0.tgz#c79ed97f7f34cb8f2ba1bc9790bcc366474b4b79"
    integrity sha512-Oei9OH4tRh0YqU3GxhX79dM/mwVgvbZJaSNaRk+bshkj0S5cfHcgYakreBjrHwatXKbz+IoIdYLxrKim2MjW0Q==
  
  axios@^1.6.8:
    version "1.7.7"
    resolved "https://registry.yarnpkg.com/axios/-/axios-1.7.7.tgz#2f554296f9892a72ac8d8e4c5b79c14a91d0a47f"
    integrity sha512-S4kL7XrjgBmvdGut0sN3yJxqYzrDOnivkBiN0OFs6hLiUam3UPvswUo0kqGyhqUZGEOytHyumEdXsAkgCOUf3Q==
    dependencies:
      follow-redirects "^1.15.6"
      form-data "^4.0.0"
      proxy-from-env "^1.1.0"
  
  "babel-plugin-styled-components@>= 1.12.0":
    version "2.1.4"
    resolved "https://registry.yarnpkg.com/babel-plugin-styled-components/-/babel-plugin-styled-components-2.1.4.tgz#9a1f37c7f32ef927b4b008b529feb4a2c82b1092"
    integrity sha512-Xgp9g+A/cG47sUyRwwYxGM4bR/jDRg5N6it/8+HxCnbT5XNKSKDT9xm4oag/osgqjC2It/vH0yXsomOG6k558g==
    dependencies:
      "@babel/helper-annotate-as-pure" "^7.22.5"
      "@babel/helper-module-imports" "^7.22.5"
      "@babel/plugin-syntax-jsx" "^7.22.5"
      lodash "^4.17.21"
      picomatch "^2.3.1"
  
  bail@^2.0.0:
    version "2.0.2"
    resolved "https://registry.yarnpkg.com/bail/-/bail-2.0.2.tgz#d26f5cd8fe5d6f832a31517b9f7c356040ba6d5d"
    integrity sha512-0xO6mYd7JB2YesxDKplafRpsiOzPt9V02ddPCLbY1xYGPOX24NTyN50qnUxgCPcSoYMhKpAuBTjQoRZCAkUDRw==
  
  camelize@^1.0.0:
    version "1.0.1"
    resolved "https://registry.yarnpkg.com/camelize/-/camelize-1.0.1.tgz#89b7e16884056331a35d6b5ad064332c91daa6c3"
    integrity sha512-dU+Tx2fsypxTgtLoE36npi3UqcjSSMNYfkqgmoEhtZrraP5VWq0K7FkWVTYa8eMPtnU/G2txVsfdCJTn9uzpuQ==
  
  chalk@^2.4.2:
    version "2.4.2"
    resolved "https://registry.yarnpkg.com/chalk/-/chalk-2.4.2.tgz#cd42541677a54333cf541a49108c1432b44c9424"
    integrity sha512-Mti+f9lpJNcwF4tWV8/OrTTtF1gZi+f8FqlyAdouralcFWFQWF2+NgCHShjkCb+IFBLq9buZwE1xckQU4peSuQ==
    dependencies:
      ansi-styles "^3.2.1"
      escape-string-regexp "^1.0.5"
      supports-color "^5.3.0"
  
  character-entities@^2.0.0:
    version "2.0.2"
    resolved "https://registry.yarnpkg.com/character-entities/-/character-entities-2.0.2.tgz#2d09c2e72cd9523076ccb21157dff66ad43fcc22"
    integrity sha512-shx7oQ0Awen/BRIdkjkvz54PnEEI/EjwXDSIZp86/KKdbafHh1Df/RYGBhn4hbe2+uKC9FnT5UCEdyPz3ai9hQ==
  
  classnames@^2.2.5:
    version "2.5.1"
    resolved "https://registry.yarnpkg.com/classnames/-/classnames-2.5.1.tgz#ba774c614be0f016da105c858e7159eae8e7687b"
    integrity sha512-saHYOzhIQs6wy2sVxTM6bUDsQO4F50V9RQ22qBpEdCW+I+/Wmke2HOl6lS6dTpdxVhb88/I6+Hs+438c3lfUow==
  
  color-convert@^1.9.0:
    version "1.9.3"
    resolved "https://registry.yarnpkg.com/color-convert/-/color-convert-1.9.3.tgz#bb71850690e1f136567de629d2d5471deda4c1e8"
    integrity sha512-QfAUtd+vFdAtFQcC8CCyYt1fYWxSqAiK2cSD6zDB8N3cpsEBAvRxp9zOGg6G/SHHJYAT88/az/IuDGALsNVbGg==
    dependencies:
      color-name "1.1.3"
  
  color-name@1.1.3:
    version "1.1.3"
    resolved "https://registry.yarnpkg.com/color-name/-/color-name-1.1.3.tgz#a7d0558bd89c42f795dd42328f740831ca53bc25"
    integrity sha512-72fSenhMw2HZMTVHeCA9KCmpEIbzWiQsjN+BHcBbS9vr1mtt+vJjPdksIBNUmKAW8TFUDPJK5SUU3QhE9NEXDw==
  
  combined-stream@^1.0.8:
    version "1.0.8"
    resolved "https://registry.yarnpkg.com/combined-stream/-/combined-stream-1.0.8.tgz#c3d45a8b34fd730631a110a8a2520682b31d5a7f"
    integrity sha512-FQN4MRfuJeHf7cBbBMJFXhKSDq+2kAArBlmRBvcvFE5BB1HZKXtSFASDhdlz9zOYwxh8lDdnvmMOe/+5cdoEdg==
    dependencies:
      delayed-stream "~1.0.0"
  
  comma-separated-tokens@^2.0.0:
    version "2.0.3"
    resolved "https://registry.yarnpkg.com/comma-separated-tokens/-/comma-separated-tokens-2.0.3.tgz#4e89c9458acb61bc8fef19f4529973b2392839ee"
    integrity sha512-Fu4hJdvzeylCfQPp9SGWidpzrMs7tTrlu6Vb8XGaRGck8QSNZJJp538Wrb60Lax4fPwR64ViY468OIUTbRlGZg==
  
  css-color-keywords@^1.0.0:
    version "1.0.0"
    resolved "https://registry.yarnpkg.com/css-color-keywords/-/css-color-keywords-1.0.0.tgz#fea2616dc676b2962686b3af8dbdbe180b244e05"
    integrity sha512-FyyrDHZKEjXDpNJYvVsV960FiqQyXc/LlYmsxl2BcdMb2WPx0OGRVgTg55rPSyLSNMqP52R9r8geSp7apN3Ofg==
  
  css-to-react-native@^3.0.0:
    version "3.2.0"
    resolved "https://registry.yarnpkg.com/css-to-react-native/-/css-to-react-native-3.2.0.tgz#cdd8099f71024e149e4f6fe17a7d46ecd55f1e32"
    integrity sha512-e8RKaLXMOFii+02mOlqwjbD00KSEKqblnpO9e++1aXS1fPQOpS1YoqdVHBqPjHNoxeF2mimzVqawm2KCbEdtHQ==
    dependencies:
      camelize "^1.0.0"
      css-color-keywords "^1.0.0"
      postcss-value-parser "^4.0.2"
  
  debug@^4.0.0, debug@^4.3.1:
    version "4.3.7"
    resolved "https://registry.yarnpkg.com/debug/-/debug-4.3.7.tgz#87945b4151a011d76d95a198d7111c865c360a52"
    integrity sha512-Er2nc/H7RrMXZBFCEim6TCmMk02Z8vLC2Rbi1KEBggpo0fS6l0S1nnapwmIi3yW/+GOJap1Krg4w0Hg80oCqgQ==
    dependencies:
      ms "^2.1.3"
  
  decode-named-character-reference@^1.0.0:
    version "1.0.2"
    resolved "https://registry.yarnpkg.com/decode-named-character-reference/-/decode-named-character-reference-1.0.2.tgz#daabac9690874c394c81e4162a0304b35d824f0e"
    integrity sha512-O8x12RzrUF8xyVcY0KJowWsmaJxQbmy0/EtnNtHRpsOcT7dFk5W598coHqBVpmWo1oQQfsCqfCmkZN5DJrZVdg==
    dependencies:
      character-entities "^2.0.0"
  
  delayed-stream@~1.0.0:
    version "1.0.0"
    resolved "https://registry.yarnpkg.com/delayed-stream/-/delayed-stream-1.0.0.tgz#df3ae199acadfb7d440aaae0b29e2272b24ec619"
    integrity sha512-ZySD7Nf91aLB0RxL4KGrKHBXl7Eds1DAmEdcoVawXnLD7SDhpNgtuII2aAkg7a7QS41jxPSZ17p4VdGnMHk3MQ==
  
  dequal@^2.0.0:
    version "2.0.3"
    resolved "https://registry.yarnpkg.com/dequal/-/dequal-2.0.3.tgz#2644214f1997d39ed0ee0ece72335490a7ac67be"
    integrity sha512-0je+qPKHEMohvfRTCEo3CrPG6cAzAYgmzKyxRiYSSDkS6eGJdyVJm7WaYA5ECaAD9wLB2T4EEeymA5aFVcYXCA==
  
  diff@^5.0.0:
    version "5.2.0"
    resolved "https://registry.yarnpkg.com/diff/-/diff-5.2.0.tgz#26ded047cd1179b78b9537d5ef725503ce1ae531"
    integrity sha512-uIFDxqpRZGZ6ThOk84hEfqWoHx2devRFvpTZcTHur85vImfaxUbTW9Ryh4CpCuDnToOP1CEtXKIgytHBPVff5A==
  
  enquire.js@^2.1.6:
    version "2.1.6"
    resolved "https://registry.yarnpkg.com/enquire.js/-/enquire.js-2.1.6.tgz#3e8780c9b8b835084c3f60e166dbc3c2a3c89814"
    integrity sha512-/KujNpO+PT63F7Hlpu4h3pE3TokKRHN26JYmQpPyjkRD/N57R7bPDNojMXdi7uveAKjYB7yQnartCxZnFWr0Xw==
  
  escape-string-regexp@^1.0.5:
    version "1.0.5"
    resolved "https://registry.yarnpkg.com/escape-string-regexp/-/escape-string-regexp-1.0.5.tgz#1b61c0562190a8dff6ae3bb2cf0200ca130b86d4"
    integrity sha512-vbRorB5FUQWvla16U8R/qgaFIya2qGzwDrNmCZuYKrbdSUMG6I1ZCGQRefkRVhuOkIGVne7BQ35DSfo1qvJqFg==
  
  extend@^3.0.0:
    version "3.0.2"
    resolved "https://registry.yarnpkg.com/extend/-/extend-3.0.2.tgz#f8b1136b4071fbd8eb140aff858b1019ec2915fa"
    integrity sha512-fjquC59cD7CyW6urNXK0FBufkZcoiGG80wTuPujX590cB5Ttln20E2UB4S/WARVqhXffZl2LNgS+gQdPIIim/g==
  
  follow-redirects@^1.15.6:
    version "1.15.9"
    resolved "https://registry.yarnpkg.com/follow-redirects/-/follow-redirects-1.15.9.tgz#a604fa10e443bf98ca94228d9eebcc2e8a2c8ee1"
    integrity sha512-gew4GsXizNgdoRyqmyfMHyAmXsZDk6mHkSxZFCzW9gwlbtOW44CDtYavM+y+72qD/Vq2l550kMF52DT8fOLJqQ==
  
  form-data@^4.0.0:
    version "4.0.0"
    resolved "https://registry.yarnpkg.com/form-data/-/form-data-4.0.0.tgz#93919daeaf361ee529584b9b31664dc12c9fa452"
    integrity sha512-ETEklSGi5t0QMZuiXoA/Q6vcnxcLQP5vdugSpuAyi6SVGi2clPPp+xgEhuMaHC+zGgn31Kd235W35f7Hykkaww==
    dependencies:
      asynckit "^0.4.0"
      combined-stream "^1.0.8"
      mime-types "^2.1.12"
  
  globals@^11.1.0:
    version "11.12.0"
    resolved "https://registry.yarnpkg.com/globals/-/globals-11.12.0.tgz#ab8795338868a0babd8525758018c2a7eb95c42e"
    integrity sha512-WOBp/EEGUiIsJSp7wcv/y6MO+lV9UoncWqxuFfm8eBwzWNgyfBd6Gz+IeKQ9jCmyhoH99g15M3T+QaVHFjizVA==
  
  has-flag@^3.0.0:
    version "3.0.0"
    resolved "https://registry.yarnpkg.com/has-flag/-/has-flag-3.0.0.tgz#b5d454dc2199ae225699f3467e5a07f3b955bafd"
    integrity sha512-sKJf1+ceQBr4SMkvQnBDNDtf4TXpVhVGateu0t918bl30FnbE2m4vNLX+VWe/dpjlb+HugGYzW7uQXH98HPEYw==
  
  hast-util-whitespace@^2.0.0:
    version "2.0.1"
    resolved "https://registry.yarnpkg.com/hast-util-whitespace/-/hast-util-whitespace-2.0.1.tgz#0ec64e257e6fc216c7d14c8a1b74d27d650b4557"
    integrity sha512-nAxA0v8+vXSBDt3AnRUNjyRIQ0rD+ntpbAp4LnPkumc5M9yUbSMa4XDU9Q6etY4f1Wp4bNgvc1yjiZtsTTrSng==
  
  hoist-non-react-statics@^3.0.0:
    version "3.3.2"
    resolved "https://registry.yarnpkg.com/hoist-non-react-statics/-/hoist-non-react-statics-3.3.2.tgz#ece0acaf71d62c2969c2ec59feff42a4b1a85b45"
    integrity sha512-/gGivxi8JPKWNm/W0jSmzcMPpfpPLc3dY/6GxhX2hQ9iGj3aDfklV4ET7NjKpSinLpJ5vafa9iiGIEZg10SfBw==
    dependencies:
      react-is "^16.7.0"
  
  inline-style-parser@0.1.1:
    version "0.1.1"
    resolved "https://registry.yarnpkg.com/inline-style-parser/-/inline-style-parser-0.1.1.tgz#ec8a3b429274e9c0a1f1c4ffa9453a7fef72cea1"
    integrity sha512-7NXolsK4CAS5+xvdj5OMMbI962hU/wvwoxk+LWR9Ek9bVtyuuYScDN6eS0rUm6TxApFpw7CX1o4uJzcd4AyD3Q==
  
  is-buffer@^2.0.0:
    version "2.0.5"
    resolved "https://registry.yarnpkg.com/is-buffer/-/is-buffer-2.0.5.tgz#ebc252e400d22ff8d77fa09888821a24a658c191"
    integrity sha512-i2R6zNFDwgEHJyQUtJEk0XFi1i0dPFn/oqjK3/vPCcDeJvW5NQ83V8QbicfF1SupOaB0h8ntgBC2YiE7dfyctQ==
  
  is-plain-obj@^4.0.0:
    version "4.1.0"
    resolved "https://registry.yarnpkg.com/is-plain-obj/-/is-plain-obj-4.1.0.tgz#d65025edec3657ce032fd7db63c97883eaed71f0"
    integrity sha512-+Pgi+vMuUNkJyExiMBt5IlFoMyKnr5zhJ4Uspz58WOhBF5QoIZkFyNHIbBAtHwzVAgk5RtndVNsDRN61/mmDqg==
  
  "js-tokens@^3.0.0 || ^4.0.0", js-tokens@^4.0.0:
    version "4.0.0"
    resolved "https://registry.yarnpkg.com/js-tokens/-/js-tokens-4.0.0.tgz#19203fb59991df98e3a287050d4647cdeaf32499"
    integrity sha512-RdJUflcE3cUzKiMqQgsCu06FPu9UdIJO0beYbPhHN4k6apgJtifcoCtT9bcxOpYBtpD2kCM6Sbzg4CausW/PKQ==
  
  jsesc@^2.5.1:
    version "2.5.2"
    resolved "https://registry.yarnpkg.com/jsesc/-/jsesc-2.5.2.tgz#80564d2e483dacf6e8ef209650a67df3f0c283a4"
    integrity sha512-OYu7XEzjkCQ3C5Ps3QIZsQfNpqoJyZZA99wd9aWd05NCtC5pWOkShK2mkL6HXQR6/Cy2lbNdPlZBpuQHXE63gA==
  
  json2mq@^0.2.0:
    version "0.2.0"
    resolved "https://registry.yarnpkg.com/json2mq/-/json2mq-0.2.0.tgz#b637bd3ba9eabe122c83e9720483aeb10d2c904a"
    integrity sha512-SzoRg7ux5DWTII9J2qkrZrqV1gt+rTaoufMxEzXbS26Uid0NwaJd123HcoB80TgubEppxxIGdNxCx50fEoEWQA==
    dependencies:
      string-convert "^0.2.0"
  
  kleur@^4.0.3:
    version "4.1.5"
    resolved "https://registry.yarnpkg.com/kleur/-/kleur-4.1.5.tgz#95106101795f7050c6c650f350c683febddb1780"
    integrity sha512-o+NO+8WrRiQEE4/7nwRJhN1HWpVmJm511pBHUxPLtp0BUISzlBplORYSmTclCnJvQq2tKu/sgl3xVpkc7ZWuQQ==
  
  lodash.debounce@^4.0.8:
    version "4.0.8"
    resolved "https://registry.yarnpkg.com/lodash.debounce/-/lodash.debounce-4.0.8.tgz#82d79bff30a67c4005ffd5e2515300ad9ca4d7af"
    integrity sha512-FT1yDzDYEoYWhnSGnpE/4Kj1fLZkDFyqRb7fNt6FdYOSxlUWAtp42Eh6Wb0rGIv/m9Bgo7x4GhQbm5Ys4SG5ow==
  
  lodash@^4.17.21:
    version "4.17.21"
    resolved "https://registry.yarnpkg.com/lodash/-/lodash-4.17.21.tgz#679591c564c3bffaae8454cf0b3df370c3d6911c"
    integrity sha512-v2kDEe57lecTulaDIuNTPy3Ry4gLGJ6Z1O3vE1krgXZNrsQ+LFTGHVxVjcXPs17LhbZVGedAJv8XZ1tvj5FvSg==
  
  loose-envify@^1.4.0:
    version "1.4.0"
    resolved "https://registry.yarnpkg.com/loose-envify/-/loose-envify-1.4.0.tgz#71ee51fa7be4caec1a63839f7e682d8132d30caf"
    integrity sha512-lyuxPGr/Wfhrlem2CL/UcnUc1zcqKAImBDzukY7Y5F/yQiNdko6+fRLevlw1HgMySw7f611UIY408EtxRSoK3Q==
    dependencies:
      js-tokens "^3.0.0 || ^4.0.0"
  
  mdast-util-definitions@^5.0.0:
    version "5.1.2"
    resolved "https://registry.yarnpkg.com/mdast-util-definitions/-/mdast-util-definitions-5.1.2.tgz#9910abb60ac5d7115d6819b57ae0bcef07a3f7a7"
    integrity sha512-8SVPMuHqlPME/z3gqVwWY4zVXn8lqKv/pAhC57FuJ40ImXyBpmO5ukh98zB2v7Blql2FiHjHv9LVztSIqjY+MA==
    dependencies:
      "@types/mdast" "^3.0.0"
      "@types/unist" "^2.0.0"
      unist-util-visit "^4.0.0"
  
  mdast-util-from-markdown@^1.0.0:
    version "1.3.1"
    resolved "https://registry.yarnpkg.com/mdast-util-from-markdown/-/mdast-util-from-markdown-1.3.1.tgz#9421a5a247f10d31d2faed2a30df5ec89ceafcf0"
    integrity sha512-4xTO/M8c82qBcnQc1tgpNtubGUW/Y1tBQ1B0i5CtSoelOLKFYlElIr3bvgREYYO5iRqbMY1YuqZng0GVOI8Qww==
    dependencies:
      "@types/mdast" "^3.0.0"
      "@types/unist" "^2.0.0"
      decode-named-character-reference "^1.0.0"
      mdast-util-to-string "^3.1.0"
      micromark "^3.0.0"
      micromark-util-decode-numeric-character-reference "^1.0.0"
      micromark-util-decode-string "^1.0.0"
      micromark-util-normalize-identifier "^1.0.0"
      micromark-util-symbol "^1.0.0"
      micromark-util-types "^1.0.0"
      unist-util-stringify-position "^3.0.0"
      uvu "^0.5.0"
  
  mdast-util-to-hast@^12.1.0:
    version "12.3.0"
    resolved "https://registry.yarnpkg.com/mdast-util-to-hast/-/mdast-util-to-hast-12.3.0.tgz#045d2825fb04374e59970f5b3f279b5700f6fb49"
    integrity sha512-pits93r8PhnIoU4Vy9bjW39M2jJ6/tdHyja9rrot9uujkN7UTU9SDnE6WNJz/IGyQk3XHX6yNNtrBH6cQzm8Hw==
    dependencies:
      "@types/hast" "^2.0.0"
      "@types/mdast" "^3.0.0"
      mdast-util-definitions "^5.0.0"
      micromark-util-sanitize-uri "^1.1.0"
      trim-lines "^3.0.0"
      unist-util-generated "^2.0.0"
      unist-util-position "^4.0.0"
      unist-util-visit "^4.0.0"
  
  mdast-util-to-string@^3.1.0:
    version "3.2.0"
    resolved "https://registry.yarnpkg.com/mdast-util-to-string/-/mdast-util-to-string-3.2.0.tgz#66f7bb6324756741c5f47a53557f0cbf16b6f789"
    integrity sha512-V4Zn/ncyN1QNSqSBxTrMOLpjr+IKdHl2v3KVLoWmDPscP4r9GcCi71gjgvUV1SFSKh92AjAG4peFuBl2/YgCJg==
    dependencies:
      "@types/mdast" "^3.0.0"
  
  micromark-core-commonmark@^1.0.1:
    version "1.1.0"
    resolved "https://registry.yarnpkg.com/micromark-core-commonmark/-/micromark-core-commonmark-1.1.0.tgz#1386628df59946b2d39fb2edfd10f3e8e0a75bb8"
    integrity sha512-BgHO1aRbolh2hcrzL2d1La37V0Aoz73ymF8rAcKnohLy93titmv62E0gP8Hrx9PKcKrqCZ1BbLGbP3bEhoXYlw==
    dependencies:
      decode-named-character-reference "^1.0.0"
      micromark-factory-destination "^1.0.0"
      micromark-factory-label "^1.0.0"
      micromark-factory-space "^1.0.0"
      micromark-factory-title "^1.0.0"
      micromark-factory-whitespace "^1.0.0"
      micromark-util-character "^1.0.0"
      micromark-util-chunked "^1.0.0"
      micromark-util-classify-character "^1.0.0"
      micromark-util-html-tag-name "^1.0.0"
      micromark-util-normalize-identifier "^1.0.0"
      micromark-util-resolve-all "^1.0.0"
      micromark-util-subtokenize "^1.0.0"
      micromark-util-symbol "^1.0.0"
      micromark-util-types "^1.0.1"
      uvu "^0.5.0"
  
  micromark-factory-destination@^1.0.0:
    version "1.1.0"
    resolved "https://registry.yarnpkg.com/micromark-factory-destination/-/micromark-factory-destination-1.1.0.tgz#eb815957d83e6d44479b3df640f010edad667b9f"
    integrity sha512-XaNDROBgx9SgSChd69pjiGKbV+nfHGDPVYFs5dOoDd7ZnMAE+Cuu91BCpsY8RT2NP9vo/B8pds2VQNCLiu0zhg==
    dependencies:
      micromark-util-character "^1.0.0"
      micromark-util-symbol "^1.0.0"
      micromark-util-types "^1.0.0"
  
  micromark-factory-label@^1.0.0:
    version "1.1.0"
    resolved "https://registry.yarnpkg.com/micromark-factory-label/-/micromark-factory-label-1.1.0.tgz#cc95d5478269085cfa2a7282b3de26eb2e2dec68"
    integrity sha512-OLtyez4vZo/1NjxGhcpDSbHQ+m0IIGnT8BoPamh+7jVlzLJBH98zzuCoUeMxvM6WsNeh8wx8cKvqLiPHEACn0w==
    dependencies:
      micromark-util-character "^1.0.0"
      micromark-util-symbol "^1.0.0"
      micromark-util-types "^1.0.0"
      uvu "^0.5.0"
  
  micromark-factory-space@^1.0.0:
    version "1.1.0"
    resolved "https://registry.yarnpkg.com/micromark-factory-space/-/micromark-factory-space-1.1.0.tgz#c8f40b0640a0150751d3345ed885a080b0d15faf"
    integrity sha512-cRzEj7c0OL4Mw2v6nwzttyOZe8XY/Z8G0rzmWQZTBi/jjwyw/U4uqKtUORXQrR5bAZZnbTI/feRV/R7hc4jQYQ==
    dependencies:
      micromark-util-character "^1.0.0"
      micromark-util-types "^1.0.0"
  
  micromark-factory-title@^1.0.0:
    version "1.1.0"
    resolved "https://registry.yarnpkg.com/micromark-factory-title/-/micromark-factory-title-1.1.0.tgz#dd0fe951d7a0ac71bdc5ee13e5d1465ad7f50ea1"
    integrity sha512-J7n9R3vMmgjDOCY8NPw55jiyaQnH5kBdV2/UXCtZIpnHH3P6nHUKaH7XXEYuWwx/xUJcawa8plLBEjMPU24HzQ==
    dependencies:
      micromark-factory-space "^1.0.0"
      micromark-util-character "^1.0.0"
      micromark-util-symbol "^1.0.0"
      micromark-util-types "^1.0.0"
  
  micromark-factory-whitespace@^1.0.0:
    version "1.1.0"
    resolved "https://registry.yarnpkg.com/micromark-factory-whitespace/-/micromark-factory-whitespace-1.1.0.tgz#798fb7489f4c8abafa7ca77eed6b5745853c9705"
    integrity sha512-v2WlmiymVSp5oMg+1Q0N1Lxmt6pMhIHD457whWM7/GUlEks1hI9xj5w3zbc4uuMKXGisksZk8DzP2UyGbGqNsQ==
    dependencies:
      micromark-factory-space "^1.0.0"
      micromark-util-character "^1.0.0"
      micromark-util-symbol "^1.0.0"
      micromark-util-types "^1.0.0"
  
  micromark-util-character@^1.0.0:
    version "1.2.0"
    resolved "https://registry.yarnpkg.com/micromark-util-character/-/micromark-util-character-1.2.0.tgz#4fedaa3646db249bc58caeb000eb3549a8ca5dcc"
    integrity sha512-lXraTwcX3yH/vMDaFWCQJP1uIszLVebzUa3ZHdrgxr7KEU/9mL4mVgCpGbyhvNLNlauROiNUq7WN5u7ndbY6xg==
    dependencies:
      micromark-util-symbol "^1.0.0"
      micromark-util-types "^1.0.0"
  
  micromark-util-chunked@^1.0.0:
    version "1.1.0"
    resolved "https://registry.yarnpkg.com/micromark-util-chunked/-/micromark-util-chunked-1.1.0.tgz#37a24d33333c8c69a74ba12a14651fd9ea8a368b"
    integrity sha512-Ye01HXpkZPNcV6FiyoW2fGZDUw4Yc7vT0E9Sad83+bEDiCJ1uXu0S3mr8WLpsz3HaG3x2q0HM6CTuPdcZcluFQ==
    dependencies:
      micromark-util-symbol "^1.0.0"
  
  micromark-util-classify-character@^1.0.0:
    version "1.1.0"
    resolved "https://registry.yarnpkg.com/micromark-util-classify-character/-/micromark-util-classify-character-1.1.0.tgz#6a7f8c8838e8a120c8e3c4f2ae97a2bff9190e9d"
    integrity sha512-SL0wLxtKSnklKSUplok1WQFoGhUdWYKggKUiqhX+Swala+BtptGCu5iPRc+xvzJ4PXE/hwM3FNXsfEVgoZsWbw==
    dependencies:
      micromark-util-character "^1.0.0"
      micromark-util-symbol "^1.0.0"
      micromark-util-types "^1.0.0"
  
  micromark-util-combine-extensions@^1.0.0:
    version "1.1.0"
    resolved "https://registry.yarnpkg.com/micromark-util-combine-extensions/-/micromark-util-combine-extensions-1.1.0.tgz#192e2b3d6567660a85f735e54d8ea6e3952dbe84"
    integrity sha512-Q20sp4mfNf9yEqDL50WwuWZHUrCO4fEyeDCnMGmG5Pr0Cz15Uo7KBs6jq+dq0EgX4DPwwrh9m0X+zPV1ypFvUA==
    dependencies:
      micromark-util-chunked "^1.0.0"
      micromark-util-types "^1.0.0"
  
  micromark-util-decode-numeric-character-reference@^1.0.0:
    version "1.1.0"
    resolved "https://registry.yarnpkg.com/micromark-util-decode-numeric-character-reference/-/micromark-util-decode-numeric-character-reference-1.1.0.tgz#b1e6e17009b1f20bc652a521309c5f22c85eb1c6"
    integrity sha512-m9V0ExGv0jB1OT21mrWcuf4QhP46pH1KkfWy9ZEezqHKAxkj4mPCy3nIH1rkbdMlChLHX531eOrymlwyZIf2iw==
    dependencies:
      micromark-util-symbol "^1.0.0"
  
  micromark-util-decode-string@^1.0.0:
    version "1.1.0"
    resolved "https://registry.yarnpkg.com/micromark-util-decode-string/-/micromark-util-decode-string-1.1.0.tgz#dc12b078cba7a3ff690d0203f95b5d5537f2809c"
    integrity sha512-YphLGCK8gM1tG1bd54azwyrQRjCFcmgj2S2GoJDNnh4vYtnL38JS8M4gpxzOPNyHdNEpheyWXCTnnTDY3N+NVQ==
    dependencies:
      decode-named-character-reference "^1.0.0"
      micromark-util-character "^1.0.0"
      micromark-util-decode-numeric-character-reference "^1.0.0"
      micromark-util-symbol "^1.0.0"
  
  micromark-util-encode@^1.0.0:
    version "1.1.0"
    resolved "https://registry.yarnpkg.com/micromark-util-encode/-/micromark-util-encode-1.1.0.tgz#92e4f565fd4ccb19e0dcae1afab9a173bbeb19a5"
    integrity sha512-EuEzTWSTAj9PA5GOAs992GzNh2dGQO52UvAbtSOMvXTxv3Criqb6IOzJUBCmEqrrXSblJIJBbFFv6zPxpreiJw==
  
  micromark-util-html-tag-name@^1.0.0:
    version "1.2.0"
    resolved "https://registry.yarnpkg.com/micromark-util-html-tag-name/-/micromark-util-html-tag-name-1.2.0.tgz#48fd7a25826f29d2f71479d3b4e83e94829b3588"
    integrity sha512-VTQzcuQgFUD7yYztuQFKXT49KghjtETQ+Wv/zUjGSGBioZnkA4P1XXZPT1FHeJA6RwRXSF47yvJ1tsJdoxwO+Q==
  
  micromark-util-normalize-identifier@^1.0.0:
    version "1.1.0"
    resolved "https://registry.yarnpkg.com/micromark-util-normalize-identifier/-/micromark-util-normalize-identifier-1.1.0.tgz#7a73f824eb9f10d442b4d7f120fecb9b38ebf8b7"
    integrity sha512-N+w5vhqrBihhjdpM8+5Xsxy71QWqGn7HYNUvch71iV2PM7+E3uWGox1Qp90loa1ephtCxG2ftRV/Conitc6P2Q==
    dependencies:
      micromark-util-symbol "^1.0.0"
  
  micromark-util-resolve-all@^1.0.0:
    version "1.1.0"
    resolved "https://registry.yarnpkg.com/micromark-util-resolve-all/-/micromark-util-resolve-all-1.1.0.tgz#4652a591ee8c8fa06714c9b54cd6c8e693671188"
    integrity sha512-b/G6BTMSg+bX+xVCshPTPyAu2tmA0E4X98NSR7eIbeC6ycCqCeE7wjfDIgzEbkzdEVJXRtOG4FbEm/uGbCRouA==
    dependencies:
      micromark-util-types "^1.0.0"
  
  micromark-util-sanitize-uri@^1.0.0, micromark-util-sanitize-uri@^1.1.0:
    version "1.2.0"
    resolved "https://registry.yarnpkg.com/micromark-util-sanitize-uri/-/micromark-util-sanitize-uri-1.2.0.tgz#613f738e4400c6eedbc53590c67b197e30d7f90d"
    integrity sha512-QO4GXv0XZfWey4pYFndLUKEAktKkG5kZTdUNaTAkzbuJxn2tNBOr+QtxR2XpWaMhbImT2dPzyLrPXLlPhph34A==
    dependencies:
      micromark-util-character "^1.0.0"
      micromark-util-encode "^1.0.0"
      micromark-util-symbol "^1.0.0"
  
  micromark-util-subtokenize@^1.0.0:
    version "1.1.0"
    resolved "https://registry.yarnpkg.com/micromark-util-subtokenize/-/micromark-util-subtokenize-1.1.0.tgz#941c74f93a93eaf687b9054aeb94642b0e92edb1"
    integrity sha512-kUQHyzRoxvZO2PuLzMt2P/dwVsTiivCK8icYTeR+3WgbuPqfHgPPy7nFKbeqRivBvn/3N3GBiNC+JRTMSxEC7A==
    dependencies:
      micromark-util-chunked "^1.0.0"
      micromark-util-symbol "^1.0.0"
      micromark-util-types "^1.0.0"
      uvu "^0.5.0"
  
  micromark-util-symbol@^1.0.0:
    version "1.1.0"
    resolved "https://registry.yarnpkg.com/micromark-util-symbol/-/micromark-util-symbol-1.1.0.tgz#813cd17837bdb912d069a12ebe3a44b6f7063142"
    integrity sha512-uEjpEYY6KMs1g7QfJ2eX1SQEV+ZT4rUD3UcF6l57acZvLNK7PBZL+ty82Z1qhK1/yXIY4bdx04FKMgR0g4IAag==
  
  micromark-util-types@^1.0.0, micromark-util-types@^1.0.1:
    version "1.1.0"
    resolved "https://registry.yarnpkg.com/micromark-util-types/-/micromark-util-types-1.1.0.tgz#e6676a8cae0bb86a2171c498167971886cb7e283"
    integrity sha512-ukRBgie8TIAcacscVHSiddHjO4k/q3pnedmzMQ4iwDcK0FtFCohKOlFbaOL/mPgfnPsL3C1ZyxJa4sbWrBl3jg==
  
  micromark@^3.0.0:
    version "3.2.0"
    resolved "https://registry.yarnpkg.com/micromark/-/micromark-3.2.0.tgz#1af9fef3f995ea1ea4ac9c7e2f19c48fd5c006e9"
    integrity sha512-uD66tJj54JLYq0De10AhWycZWGQNUvDI55xPgk2sQM5kn1JYlhbCMTtEeT27+vAhW2FBQxLlOmS3pmA7/2z4aA==
    dependencies:
      "@types/debug" "^4.0.0"
      debug "^4.0.0"
      decode-named-character-reference "^1.0.0"
      micromark-core-commonmark "^1.0.1"
      micromark-factory-space "^1.0.0"
      micromark-util-character "^1.0.0"
      micromark-util-chunked "^1.0.0"
      micromark-util-combine-extensions "^1.0.0"
      micromark-util-decode-numeric-character-reference "^1.0.0"
      micromark-util-encode "^1.0.0"
      micromark-util-normalize-identifier "^1.0.0"
      micromark-util-resolve-all "^1.0.0"
      micromark-util-sanitize-uri "^1.0.0"
      micromark-util-subtokenize "^1.0.0"
      micromark-util-symbol "^1.0.0"
      micromark-util-types "^1.0.1"
      uvu "^0.5.0"
  
  mime-db@1.52.0:
    version "1.52.0"
    resolved "https://registry.yarnpkg.com/mime-db/-/mime-db-1.52.0.tgz#bbabcdc02859f4987301c856e3387ce5ec43bf70"
    integrity sha512-sPU4uV7dYlvtWJxwwxHD0PuihVNiE7TyAbQ5SWxDCB9mUYvOgroQOwYQQOKPJ8CIbE+1ETVlOoK1UC2nU3gYvg==
  
  mime-types@^2.1.12:
    version "2.1.35"
    resolved "https://registry.yarnpkg.com/mime-types/-/mime-types-2.1.35.tgz#381a871b62a734450660ae3deee44813f70d959a"
    integrity sha512-ZDY+bPm5zTTF+YpCrAU9nK0UgICYPT0QtT1NZWFv4s++TNkcgVaT0g6+4R2uI4MjQjzysHB1zxuWL50hzaeXiw==
    dependencies:
      mime-db "1.52.0"
  
  mri@^1.1.0:
    version "1.2.0"
    resolved "https://registry.yarnpkg.com/mri/-/mri-1.2.0.tgz#6721480fec2a11a4889861115a48b6cbe7cc8f0b"
    integrity sha512-tzzskb3bG8LvYGFF/mDTpq3jpI6Q9wc3LEmBaghu+DdCssd1FakN7Bc0hVNmEyGq1bq3RgfkCb3cmQLpNPOroA==
  
  ms@^2.1.3:
    version "2.1.3"
    resolved "https://registry.yarnpkg.com/ms/-/ms-2.1.3.tgz#574c8138ce1d2b5861f0b44579dbadd60c6615b2"
    integrity sha512-6FlzubTLZG3J2a/NVCAleEhjzq5oxgHyaCU9yYXvcLsvoVaHJq/s5xXI6/XXP6tz7R9xAOtHnSO/tXtF3WRTlA==
  
  nuka-carousel@^8.1.1:
    version "8.1.1"
    resolved "https://registry.yarnpkg.com/nuka-carousel/-/nuka-carousel-8.1.1.tgz#a5833cbd4b651338b6c209fc2225c629abe60f66"
    integrity sha512-pOXBwKJCOxAmGh3x5f3tYypbAYNKg1GqL0pXrWIwy+TxN2oskN4EGan8Pp+m/hk6DWgAKCXkfpiplIEQ/qZcSw==
  
  object-assign@^4.1.1:
    version "4.1.1"
    resolved "https://registry.yarnpkg.com/object-assign/-/object-assign-4.1.1.tgz#2109adc7965887cfc05cbbd442cac8bfbb360863"
    integrity sha512-rJgTQnkUnH1sFw8yT6VSU3zD3sWmu6sZhIseY8VX+GRu3P6F7Fu+JNDoXfklElbLJSnc3FUQHVe4cU5hj+BcUg==
  
  "pegada.store-theme@https://dev--pegada.myvtex.com/_v/private/typings/linked/v1/pegada.store-theme@0.0.111+build1751346375/public/@types/pegada.store-theme":
    version "0.0.111"
    resolved "https://dev--pegada.myvtex.com/_v/private/typings/linked/v1/pegada.store-theme@0.0.111+build1751346375/public/@types/pegada.store-theme#df88a4cca0b8ede4948dd9cf254d5f731249d92d"
  
  picocolors@^1.0.0:
    version "1.1.0"
    resolved "https://registry.yarnpkg.com/picocolors/-/picocolors-1.1.0.tgz#5358b76a78cde483ba5cef6a9dc9671440b27d59"
    integrity sha512-TQ92mBOW0l3LeMeyLV6mzy/kWr8lkd/hp3mTg7wYK7zJhuBStmGMBG0BdeDZS/dZx1IukaX6Bk11zcln25o1Aw==
  
  picomatch@^2.3.1:
    version "2.3.1"
    resolved "https://registry.yarnpkg.com/picomatch/-/picomatch-2.3.1.tgz#3ba3833733646d9d3e4995946c1365a67fb07a42"
    integrity sha512-JU3teHTNjmE2VCGFzuY8EXzCDVwEqB2a8fsIvwaStHhAWJEeVd1o1QD80CU6+ZdEXXSLbSsuLwJjkCBWqRQUVA==
  
  postcss-value-parser@^4.0.2:
    version "4.2.0"
    resolved "https://registry.yarnpkg.com/postcss-value-parser/-/postcss-value-parser-4.2.0.tgz#723c09920836ba6d3e5af019f92bc0971c02e514"
    integrity sha512-1NNCs6uurfkVbeXG4S8JFT9t19m45ICnif8zWLd5oPSZ50QnwMfK+H3jv408d4jw/7Bttv5axS5IiHoLaVNHeQ==
  
  prop-types@^15.0.0:
    version "15.8.1"
    resolved "https://registry.yarnpkg.com/prop-types/-/prop-types-15.8.1.tgz#67d87bf1a694f48435cf332c24af10214a3140b5"
    integrity sha512-oj87CgZICdulUohogVAR7AjlC0327U4el4L6eAvOqCeudMDVU0NThNaV+b9Df4dXgSP1gXMTnPdhfe/2qDH5cg==
    dependencies:
      loose-envify "^1.4.0"
      object-assign "^4.1.1"
      react-is "^16.13.1"
  
  property-information@^6.0.0:
    version "6.5.0"
    resolved "https://registry.yarnpkg.com/property-information/-/property-information-6.5.0.tgz#6212fbb52ba757e92ef4fb9d657563b933b7ffec"
    integrity sha512-PgTgs/BlvHxOu8QuEN7wi5A0OmXaBcHpmCSTehcs6Uuu9IkDIEo13Hy7n898RHfrQ49vKCoGeWZSaAK01nwVig==
  
  proxy-from-env@^1.1.0:
    version "1.1.0"
    resolved "https://registry.yarnpkg.com/proxy-from-env/-/proxy-from-env-1.1.0.tgz#e102f16ca355424865755d2c9e8ea4f24d58c3e2"
    integrity sha512-D+zkORCbA9f1tdWRK0RaCR3GPv50cMxcrz4X8k5LTSUD1Dkw47mKJEZQNunItRTkWwgtaUSo1RVFRIG9ZXiFYg==
  
  react-is@^16.13.1, react-is@^16.7.0:
    version "16.13.1"
    resolved "https://registry.yarnpkg.com/react-is/-/react-is-16.13.1.tgz#789729a4dc36de2999dc156dd6c1d9c18cea56a4"
    integrity sha512-24e6ynE2H+OKt4kqsOvNd8kBpV65zoxbA4BVsEOB3ARVWQki/DHzaUoC5KuON/BiccDaCCTZBuOcfZs70kR8bQ==
  
  react-is@^18.0.0:
    version "18.3.1"
    resolved "https://registry.yarnpkg.com/react-is/-/react-is-18.3.1.tgz#e83557dc12eae63a99e003a46388b1dcbb44db7e"
    integrity sha512-/LLMVyas0ljjAtoYiPqYiL8VWXzUUdThrmU5+n20DZv+a+ClRoevUzw5JxU+Ieh5/c87ytoTBV9G1FiKfNJdmg==
  
  react-markdown@^8.0.3:
    version "8.0.7"
    resolved "https://registry.yarnpkg.com/react-markdown/-/react-markdown-8.0.7.tgz#c8dbd1b9ba5f1c5e7e5f2a44de465a3caafdf89b"
    integrity sha512-bvWbzG4MtOU62XqBx3Xx+zB2raaFFsq4mYiAzfjXJMEz2sixgeAfraA3tvzULF02ZdOMUOKTBFFaZJDDrq+BJQ==
    dependencies:
      "@types/hast" "^2.0.0"
      "@types/prop-types" "^15.0.0"
      "@types/unist" "^2.0.0"
      comma-separated-tokens "^2.0.0"
      hast-util-whitespace "^2.0.0"
      prop-types "^15.0.0"
      property-information "^6.0.0"
      react-is "^18.0.0"
      remark-parse "^10.0.0"
      remark-rehype "^10.0.0"
      space-separated-tokens "^2.0.0"
      style-to-object "^0.4.0"
      unified "^10.0.0"
      unist-util-visit "^4.0.0"
      vfile "^5.0.0"
  
  react-slick@^0.29.0:
    version "0.29.0"
    resolved "https://registry.yarnpkg.com/react-slick/-/react-slick-0.29.0.tgz#0bed5ea42bf75a23d40c0259b828ed27627b51bb"
    integrity sha512-TGdOKE+ZkJHHeC4aaoH85m8RnFyWqdqRfAGkhd6dirmATXMZWAxOpTLmw2Ll/jPTQ3eEG7ercFr/sbzdeYCJXA==
    dependencies:
      classnames "^2.2.5"
      enquire.js "^2.1.6"
      json2mq "^0.2.0"
      lodash.debounce "^4.0.8"
      resize-observer-polyfill "^1.5.0"
  
  react-zoom-pan-pinch@^3.1.0:
    version "3.6.1"
    resolved "https://registry.yarnpkg.com/react-zoom-pan-pinch/-/react-zoom-pan-pinch-3.6.1.tgz#fb68b879b66f029f1f89986810fc2e0ac34fa48a"
    integrity sha512-SdPqdk7QDSV7u/WulkFOi+cnza8rEZ0XX4ZpeH7vx3UZEg7DoyuAy3MCmm+BWv/idPQL2Oe73VoC0EhfCN+sZQ==
  
  remark-parse@^10.0.0:
    version "10.0.2"
    resolved "https://registry.yarnpkg.com/remark-parse/-/remark-parse-10.0.2.tgz#ca241fde8751c2158933f031a4e3efbaeb8bc262"
    integrity sha512-3ydxgHa/ZQzG8LvC7jTXccARYDcRld3VfcgIIFs7bI6vbRSxJJmzgLEIIoYKyrfhaY+ujuWaf/PJiMZXoiCXgw==
    dependencies:
      "@types/mdast" "^3.0.0"
      mdast-util-from-markdown "^1.0.0"
      unified "^10.0.0"
  
  remark-rehype@^10.0.0:
    version "10.1.0"
    resolved "https://registry.yarnpkg.com/remark-rehype/-/remark-rehype-10.1.0.tgz#32dc99d2034c27ecaf2e0150d22a6dcccd9a6279"
    integrity sha512-EFmR5zppdBp0WQeDVZ/b66CWJipB2q2VLNFMabzDSGR66Z2fQii83G5gTBbgGEnEEA0QRussvrFHxk1HWGJskw==
    dependencies:
      "@types/hast" "^2.0.0"
      "@types/mdast" "^3.0.0"
      mdast-util-to-hast "^12.1.0"
      unified "^10.0.0"
  
  resize-observer-polyfill@^1.5.0:
    version "1.5.1"
    resolved "https://registry.yarnpkg.com/resize-observer-polyfill/-/resize-observer-polyfill-1.5.1.tgz#0e9020dd3d21024458d4ebd27e23e40269810464"
    integrity sha512-LwZrotdHOo12nQuZlHEmtuXdqGoOD0OhaxopaNFxWzInpEgaLWoVuAMbTzixuosCx2nEG58ngzW3vxdWoxIgdg==
  
  sade@^1.7.3:
    version "1.8.1"
    resolved "https://registry.yarnpkg.com/sade/-/sade-1.8.1.tgz#0a78e81d658d394887be57d2a409bf703a3b2701"
    integrity sha512-xal3CZX1Xlo/k4ApwCFrHVACi9fBqJ7V+mwhBsuf/1IOKbBy098Fex+Wa/5QMubw09pSZ/u8EY8PWgevJsXp1A==
    dependencies:
      mri "^1.1.0"
  
  shallowequal@^1.1.0:
    version "1.1.0"
    resolved "https://registry.yarnpkg.com/shallowequal/-/shallowequal-1.1.0.tgz#188d521de95b9087404fd4dcb68b13df0ae4e7f8"
    integrity sha512-y0m1JoUZSlPAjXVtPPW70aZWfIL/dSP7AFkRnniLCrK/8MDKog3TySTBmckD+RObVxH0v4Tox67+F14PdED2oQ==
  
  space-separated-tokens@^2.0.0:
    version "2.0.2"
    resolved "https://registry.yarnpkg.com/space-separated-tokens/-/space-separated-tokens-2.0.2.tgz#1ecd9d2350a3844572c3f4a312bceb018348859f"
    integrity sha512-PEGlAwrG8yXGXRjW32fGbg66JAlOAwbObuqVoJpv/mRgoWDQfgH1wDPvtzWyUSNAXBGSk8h755YDbbcEy3SH2Q==
  
  string-convert@^0.2.0:
    version "0.2.1"
    resolved "https://registry.yarnpkg.com/string-convert/-/string-convert-0.2.1.tgz#6982cc3049fbb4cd85f8b24568b9d9bf39eeff97"
    integrity sha512-u/1tdPl4yQnPBjnVrmdLo9gtuLvELKsAoRapekWggdiQNvvvum+jYF329d84NAa660KQw7pB2n36KrIKVoXa3A==
  
  style-to-object@^0.4.0:
    version "0.4.4"
    resolved "https://registry.yarnpkg.com/style-to-object/-/style-to-object-0.4.4.tgz#266e3dfd56391a7eefb7770423612d043c3f33ec"
    integrity sha512-HYNoHZa2GorYNyqiCaBgsxvcJIn7OHq6inEga+E6Ke3m5JkoqpQbnFssk4jwe+K7AhGa2fcha4wSOf1Kn01dMg==
    dependencies:
      inline-style-parser "0.1.1"
  
  styled-components@^5.3.3:
    version "5.3.11"
    resolved "https://registry.yarnpkg.com/styled-components/-/styled-components-5.3.11.tgz#9fda7bf1108e39bf3f3e612fcc18170dedcd57a8"
    integrity sha512-uuzIIfnVkagcVHv9nE0VPlHPSCmXIUGKfJ42LNjxCCTDTL5sgnJ8Z7GZBq0EnLYGln77tPpEpExt2+qa+cZqSw==
    dependencies:
      "@babel/helper-module-imports" "^7.0.0"
      "@babel/traverse" "^7.4.5"
      "@emotion/is-prop-valid" "^1.1.0"
      "@emotion/stylis" "^0.8.4"
      "@emotion/unitless" "^0.7.4"
      babel-plugin-styled-components ">= 1.12.0"
      css-to-react-native "^3.0.0"
      hoist-non-react-statics "^3.0.0"
      shallowequal "^1.1.0"
      supports-color "^5.5.0"
  
  supports-color@^5.3.0, supports-color@^5.5.0:
    version "5.5.0"
    resolved "https://registry.yarnpkg.com/supports-color/-/supports-color-5.5.0.tgz#e2e69a44ac8772f78a1ec0b35b689df6530efc8f"
    integrity sha512-QjVjwdXIt408MIiAqCX4oUKsgU2EqAGzs2Ppkm4aQYbjm+ZEWEcW4SfFNTr4uMNZma0ey4f5lgLrkB0aX0QMow==
    dependencies:
      has-flag "^3.0.0"
  
  to-fast-properties@^2.0.0:
    version "2.0.0"
    resolved "https://registry.yarnpkg.com/to-fast-properties/-/to-fast-properties-2.0.0.tgz#dc5e698cbd079265bc73e0377681a4e4e83f616e"
    integrity sha512-/OaKK0xYrs3DmxRYqL/yDc+FxFUVYhDlXMhRmv3z915w2HF1tnN1omB354j8VUGO/hbRzyD6Y3sA7v7GS/ceog==
  
  trim-lines@^3.0.0:
    version "3.0.1"
    resolved "https://registry.yarnpkg.com/trim-lines/-/trim-lines-3.0.1.tgz#d802e332a07df861c48802c04321017b1bd87338"
    integrity sha512-kRj8B+YHZCc9kQYdWfJB2/oUl9rA99qbowYYBtr4ui4mZyAQ2JpvVBd/6U2YloATfqBhBTSMhTpgBHtU0Mf3Rg==
  
  trough@^2.0.0:
    version "2.2.0"
    resolved "https://registry.yarnpkg.com/trough/-/trough-2.2.0.tgz#94a60bd6bd375c152c1df911a4b11d5b0256f50f"
    integrity sha512-tmMpK00BjZiUyVyvrBK7knerNgmgvcV/KLVyuma/SC+TQN167GrMRciANTz09+k3zW8L8t60jWO1GpfkZdjTaw==
  
  unified@^10.0.0:
    version "10.1.2"
    resolved "https://registry.yarnpkg.com/unified/-/unified-10.1.2.tgz#b1d64e55dafe1f0b98bb6c719881103ecf6c86df"
    integrity sha512-pUSWAi/RAnVy1Pif2kAoeWNBa3JVrx0MId2LASj8G+7AiHWoKZNTomq6LG326T68U7/e263X6fTdcXIy7XnF7Q==
    dependencies:
      "@types/unist" "^2.0.0"
      bail "^2.0.0"
      extend "^3.0.0"
      is-buffer "^2.0.0"
      is-plain-obj "^4.0.0"
      trough "^2.0.0"
      vfile "^5.0.0"
  
  unist-util-generated@^2.0.0:
    version "2.0.1"
    resolved "https://registry.yarnpkg.com/unist-util-generated/-/unist-util-generated-2.0.1.tgz#e37c50af35d3ed185ac6ceacb6ca0afb28a85cae"
    integrity sha512-qF72kLmPxAw0oN2fwpWIqbXAVyEqUzDHMsbtPvOudIlUzXYFIeQIuxXQCRCFh22B7cixvU0MG7m3MW8FTq/S+A==
  
  unist-util-is@^5.0.0:
    version "5.2.1"
    resolved "https://registry.yarnpkg.com/unist-util-is/-/unist-util-is-5.2.1.tgz#b74960e145c18dcb6226bc57933597f5486deae9"
    integrity sha512-u9njyyfEh43npf1M+yGKDGVPbY/JWEemg5nH05ncKPfi+kBbKBJoTdsogMu33uhytuLlv9y0O7GH7fEdwLdLQw==
    dependencies:
      "@types/unist" "^2.0.0"
  
  unist-util-position@^4.0.0:
    version "4.0.4"
    resolved "https://registry.yarnpkg.com/unist-util-position/-/unist-util-position-4.0.4.tgz#93f6d8c7d6b373d9b825844645877c127455f037"
    integrity sha512-kUBE91efOWfIVBo8xzh/uZQ7p9ffYRtUbMRZBNFYwf0RK8koUMx6dGUfwylLOKmaT2cs4wSW96QoYUSXAyEtpg==
    dependencies:
      "@types/unist" "^2.0.0"
  
  unist-util-stringify-position@^3.0.0:
    version "3.0.3"
    resolved "https://registry.yarnpkg.com/unist-util-stringify-position/-/unist-util-stringify-position-3.0.3.tgz#03ad3348210c2d930772d64b489580c13a7db39d"
    integrity sha512-k5GzIBZ/QatR8N5X2y+drfpWG8IDBzdnVj6OInRNWm1oXrzydiaAT2OQiA8DPRRZyAKb9b6I2a6PxYklZD0gKg==
    dependencies:
      "@types/unist" "^2.0.0"
  
  unist-util-visit-parents@^5.1.1:
    version "5.1.3"
    resolved "https://registry.yarnpkg.com/unist-util-visit-parents/-/unist-util-visit-parents-5.1.3.tgz#b4520811b0ca34285633785045df7a8d6776cfeb"
    integrity sha512-x6+y8g7wWMyQhL1iZfhIPhDAs7Xwbn9nRosDXl7qoPTSCy0yNxnKc+hWokFifWQIDGi154rdUqKvbCa4+1kLhg==
    dependencies:
      "@types/unist" "^2.0.0"
      unist-util-is "^5.0.0"
  
  unist-util-visit@^4.0.0:
    version "4.1.2"
    resolved "https://registry.yarnpkg.com/unist-util-visit/-/unist-util-visit-4.1.2.tgz#125a42d1eb876283715a3cb5cceaa531828c72e2"
    integrity sha512-MSd8OUGISqHdVvfY9TPhyK2VdUrPgxkUtWSuMHF6XAAFuL4LokseigBnZtPnJMu+FbynTkFNnFlyjxpVKujMRg==
    dependencies:
      "@types/unist" "^2.0.0"
      unist-util-is "^5.0.0"
      unist-util-visit-parents "^5.1.1"
  
  uvu@^0.5.0:
    version "0.5.6"
    resolved "https://registry.yarnpkg.com/uvu/-/uvu-0.5.6.tgz#2754ca20bcb0bb59b64e9985e84d2e81058502df"
    integrity sha512-+g8ENReyr8YsOc6fv/NVJs2vFdHBnBNdfE49rshrTzDWOlUx4Gq7KOS2GD8eqhy2j+Ejq29+SbKH8yjkAqXqoA==
    dependencies:
      dequal "^2.0.0"
      diff "^5.0.0"
      kleur "^4.0.3"
      sade "^1.7.3"
  
  vfile-message@^3.0.0:
    version "3.1.4"
    resolved "https://registry.yarnpkg.com/vfile-message/-/vfile-message-3.1.4.tgz#15a50816ae7d7c2d1fa87090a7f9f96612b59dea"
    integrity sha512-fa0Z6P8HUrQN4BZaX05SIVXic+7kE3b05PWAtPuYP9QLHsLKYR7/AlLW3NtOrpXRLeawpDLMsVkmk5DG0NXgWw==
    dependencies:
      "@types/unist" "^2.0.0"
      unist-util-stringify-position "^3.0.0"
  
  vfile@^5.0.0:
    version "5.3.7"
    resolved "https://registry.yarnpkg.com/vfile/-/vfile-5.3.7.tgz#de0677e6683e3380fafc46544cfe603118826ab7"
    integrity sha512-r7qlzkgErKjobAmyNIkkSpizsFPYiUPuJb5pNW1RB4JcYVZhs4lIbVqk8XPk033CV/1z8ss5pkax8SuhGpcG8g==
    dependencies:
      "@types/unist" "^2.0.0"
      is-buffer "^2.0.0"
      unist-util-stringify-position "^3.0.0"
      vfile-message "^3.0.0"
  
  "vtex.add-to-cart-button@http://vtex.vtexassets.com/_v/public/typings/v1/vtex.add-to-cart-button@0.30.2/public/@types/vtex.add-to-cart-button":
    version "0.30.2"
    resolved "http://vtex.vtexassets.com/_v/public/typings/v1/vtex.add-to-cart-button@0.30.2/public/@types/vtex.add-to-cart-button#460e38a0fca759d2eba382ebe6cd92d6c645b0b6"
  
  "vtex.breadcrumb@http://vtex.vtexassets.com/_v/public/typings/v1/vtex.breadcrumb@1.9.5/public/@types/vtex.breadcrumb":
    version "1.9.5"
    resolved "http://vtex.vtexassets.com/_v/public/typings/v1/vtex.breadcrumb@1.9.5/public/@types/vtex.breadcrumb#261c73e9840f168c36ce30e687982a227728ab86"
  
  "vtex.carousel@http://vtex.vtexassets.com/_v/public/typings/v1/vtex.carousel@2.12.1/public/@types/vtex.carousel":
    version "2.12.1"
    resolved "http://vtex.vtexassets.com/_v/public/typings/v1/vtex.carousel@2.12.1/public/@types/vtex.carousel#f99139a9d22227fa239192a058defd13f8cc50be"
  
  "vtex.checkout-resources@http://vtex.vtexassets.com/_v/public/typings/v1/vtex.checkout-resources@0.50.0/public/@types/vtex.checkout-resources":
    version "0.50.0"
    resolved "http://vtex.vtexassets.com/_v/public/typings/v1/vtex.checkout-resources@0.50.0/public/@types/vtex.checkout-resources#753cbf0e0b2ed7030312ecea40e85a6cd7feccf4"
  
  "vtex.checkout-summary@http://vtex.vtexassets.com/_v/public/typings/v1/vtex.checkout-summary@0.22.0/public/@types/vtex.checkout-summary":
    version "0.22.0"
    resolved "http://vtex.vtexassets.com/_v/public/typings/v1/vtex.checkout-summary@0.22.0/public/@types/vtex.checkout-summary#c6d3dbd76be90cd18c4a6e03a00284dc4f12f352"
  
  "vtex.condition-layout@http://vtex.vtexassets.com/_v/public/typings/v1/vtex.condition-layout@2.8.1/public/@types/vtex.condition-layout":
    version "2.8.1"
    resolved "http://vtex.vtexassets.com/_v/public/typings/v1/vtex.condition-layout@2.8.1/public/@types/vtex.condition-layout#59d2d0f17849703ddea25436a72c6cf3e300d6b4"
  
  "vtex.css-handles@http://vtex.vtexassets.com/_v/public/typings/v1/vtex.css-handles@1.0.1/public/@types/vtex.css-handles":
    version "1.0.1"
    resolved "http://vtex.vtexassets.com/_v/public/typings/v1/vtex.css-handles@1.0.1/public/@types/vtex.css-handles#9444e64afad49e3ace3461f170b7d28f29b78d07"
  
  "vtex.device-detector@http://vtex.vtexassets.com/_v/public/typings/v1/vtex.device-detector@0.2.6/public/@types/vtex.device-detector":
    version "0.2.6"
    resolved "http://vtex.vtexassets.com/_v/public/typings/v1/vtex.device-detector@0.2.6/public/@types/vtex.device-detector#3219242fa5c2f14023d33c3549c2d8de93c76d1f"
  
  "vtex.disclosure-layout@http://vtex.vtexassets.com/_v/public/typings/v1/vtex.disclosure-layout@1.0.3/public/@types/vtex.disclosure-layout":
    version "1.0.3"
    resolved "http://vtex.vtexassets.com/_v/public/typings/v1/vtex.disclosure-layout@1.0.3/public/@types/vtex.disclosure-layout#15590cd6a3f23e5a7591d76ad1a44b5c0c6a088a"
  
  "vtex.flex-layout@http://vtex.vtexassets.com/_v/public/typings/v1/vtex.flex-layout@0.21.4/public/@types/vtex.flex-layout":
    version "0.21.4"
    resolved "http://vtex.vtexassets.com/_v/public/typings/v1/vtex.flex-layout@0.21.4/public/@types/vtex.flex-layout#734117ec07fb9102bfa9d72cd12a7555b5594238"
  
  "vtex.formatted-price@http://vtex.vtexassets.com/_v/public/typings/v1/vtex.formatted-price@0.7.0/public/@types/vtex.formatted-price":
    version "0.7.0"
    resolved "http://vtex.vtexassets.com/_v/public/typings/v1/vtex.formatted-price@0.7.0/public/@types/vtex.formatted-price#345e34745d9c4ad469a125c1e6f4c99267ba0c8c"
  
  "vtex.iframe@http://vtex.vtexassets.com/_v/public/typings/v1/vtex.iframe@0.8.0/public/@types/vtex.iframe":
    version "0.8.0"
    resolved "http://vtex.vtexassets.com/_v/public/typings/v1/vtex.iframe@0.8.0/public/@types/vtex.iframe#201ccc038cec1a5eeb5e1e5a751a7337268d198e"
  
  "vtex.list-context@http://vtex.vtexassets.com/_v/public/typings/v1/vtex.list-context@0.2.0/public/@types/vtex.list-context":
    version "0.2.0"
    resolved "http://vtex.vtexassets.com/_v/public/typings/v1/vtex.list-context@0.2.0/public/@types/vtex.list-context#935b748d394851ced7f3b06bbedf59f4ee3ca8a6"
  
  "vtex.locale-switcher@http://vtex.vtexassets.com/_v/public/typings/v1/vtex.locale-switcher@0.5.6/public/@types/vtex.locale-switcher":
    version "0.5.6"
    resolved "http://vtex.vtexassets.com/_v/public/typings/v1/vtex.locale-switcher@0.5.6/public/@types/vtex.locale-switcher#5db8558af5593d65e4fff3da0903d0081dfcab42"
  
  "vtex.login@http://vtex.vtexassets.com/_v/public/typings/v1/vtex.login@2.66.0/public/@types/vtex.login":
    version "2.66.0"
    resolved "http://vtex.vtexassets.com/_v/public/typings/v1/vtex.login@2.66.0/public/@types/vtex.login#b43620ca5b04d71e7f3823be3f68e77d5ee852bb"
  
  "vtex.menu@http://vtex.vtexassets.com/_v/public/typings/v1/vtex.menu@2.35.3/public/@types/vtex.menu":
    version "2.35.3"
    resolved "http://vtex.vtexassets.com/_v/public/typings/v1/vtex.menu@2.35.3/public/@types/vtex.menu#36f6f8bd973275e1c809c8153f41af3bfcb53417"
  
  "vtex.minicart@http://vtex.vtexassets.com/_v/public/typings/v1/vtex.minicart@2.68.0/public/@types/vtex.minicart":
    version "2.68.0"
    resolved "http://vtex.vtexassets.com/_v/public/typings/v1/vtex.minicart@2.68.0/public/@types/vtex.minicart#8370cc2da68f149743ef1dfb4ce5b1a64095970f"
  
  "vtex.modal-layout@http://vtex.vtexassets.com/_v/public/typings/v1/vtex.modal-layout@0.14.1/public/@types/vtex.modal-layout":
    version "0.14.1"
    resolved "http://vtex.vtexassets.com/_v/public/typings/v1/vtex.modal-layout@0.14.1/public/@types/vtex.modal-layout#c25eaff0dc7ecdc1021f4d00e354b9e23749c6f4"
  
  "vtex.my-account@http://vtex.vtexassets.com/_v/public/typings/v1/vtex.my-account@1.29.0/public/@types/vtex.my-account":
    version "1.29.0"
    resolved "http://vtex.vtexassets.com/_v/public/typings/v1/vtex.my-account@1.29.0/public/@types/vtex.my-account#014ffc22855e21f321b5ed81d1c95e547740b0ba"
  
  "vtex.my-orders-app@http://vtex.vtexassets.com/_v/public/typings/v1/vtex.my-orders-app@3.25.3/public/_types/react":
    version "0.0.0"
    resolved "http://vtex.vtexassets.com/_v/public/typings/v1/vtex.my-orders-app@3.25.3/public/_types/react#fa7a0347e046eab3dd768998fc9252b2c0dd5aef"
  
  "vtex.order-items@http://vtex.vtexassets.com/_v/public/typings/v1/vtex.order-items@0.14.0/public/@types/vtex.order-items":
    version "0.14.0"
    resolved "http://vtex.vtexassets.com/_v/public/typings/v1/vtex.order-items@0.14.0/public/@types/vtex.order-items#73d1025ed6231ad4e6914c1896e3e17495b59699"
  
  "vtex.order-manager@http://vtex.vtexassets.com/_v/public/typings/v1/vtex.order-manager@0.12.0/public/@types/vtex.order-manager":
    version "0.12.0"
    resolved "http://vtex.vtexassets.com/_v/public/typings/v1/vtex.order-manager@0.12.0/public/@types/vtex.order-manager#2cf6a9d2a31bc503b783c257695b0d17c09b5696"
  
  "vtex.order-placed@http://vtex.vtexassets.com/_v/public/typings/v1/vtex.order-placed@2.19.0/public/@types/vtex.order-placed":
    version "2.19.0"
    resolved "http://vtex.vtexassets.com/_v/public/typings/v1/vtex.order-placed@2.19.0/public/@types/vtex.order-placed#277b037e919f0ff1ce75f81a5ae2393788f2cc12"
  
  "vtex.pixel-manager@http://vtex.vtexassets.com/_v/public/typings/v1/vtex.pixel-manager@1.9.0/public/@types/vtex.pixel-manager":
    version "1.9.0"
    resolved "http://vtex.vtexassets.com/_v/public/typings/v1/vtex.pixel-manager@1.9.0/public/@types/vtex.pixel-manager#eb61e263c4f8024430ef1a19d28bcf608db3d481"
  
  "vtex.product-bookmark-interfaces@http://vtex.vtexassets.com/_v/public/typings/v1/vtex.product-bookmark-interfaces@1.0.1/public/@types/vtex.product-bookmark-interfaces":
    version "1.0.1"
    resolved "http://vtex.vtexassets.com/_v/public/typings/v1/vtex.product-bookmark-interfaces@1.0.1/public/@types/vtex.product-bookmark-interfaces#2c26815e4afa45b2e254a23e5abb356424bb09e7"
  
  "vtex.product-context@http://vtex.vtexassets.com/_v/public/typings/v1/vtex.product-context@0.10.1/public/@types/vtex.product-context":
    version "0.10.1"
    resolved "http://vtex.vtexassets.com/_v/public/typings/v1/vtex.product-context@0.10.1/public/@types/vtex.product-context#86ceba68085420edcf54749f07e51a257d2e5d94"
  
  "vtex.product-customizer@http://vtex.vtexassets.com/_v/public/typings/v1/vtex.product-customizer@2.12.4/public/@types/vtex.product-customizer":
    version "2.12.4"
    resolved "http://vtex.vtexassets.com/_v/public/typings/v1/vtex.product-customizer@2.12.4/public/@types/vtex.product-customizer#b7a9b80f96ef9663e92d033f69111a2e19b30237"
  
  "vtex.product-details@http://vtex.vtexassets.com/_v/public/typings/v1/vtex.product-details@1.22.0/public/@types/vtex.product-details":
    version "1.22.0"
    resolved "http://vtex.vtexassets.com/_v/public/typings/v1/vtex.product-details@1.22.0/public/@types/vtex.product-details#c2829a3a2c8b8f48ee273280a86859449b9835f8"
  
  "vtex.product-gifts@http://vtex.vtexassets.com/_v/public/typings/v1/vtex.product-gifts@0.4.0/public/@types/vtex.product-gifts":
    version "0.4.0"
    resolved "http://vtex.vtexassets.com/_v/public/typings/v1/vtex.product-gifts@0.4.0/public/@types/vtex.product-gifts#72da495c439e513a91ba22e4e34cc026caf2b11f"
  
  "vtex.product-highlights@http://vtex.vtexassets.com/_v/public/typings/v1/vtex.product-highlights@2.3.0/public/@types/vtex.product-highlights":
    version "2.3.0"
    resolved "http://vtex.vtexassets.com/_v/public/typings/v1/vtex.product-highlights@2.3.0/public/@types/vtex.product-highlights#ee2e664a9d45e42e147612e92f0decccaac23dc8"
  
  "vtex.product-identifier@http://vtex.vtexassets.com/_v/public/typings/v1/vtex.product-identifier@0.5.0/public/@types/vtex.product-identifier":
    version "0.5.0"
    resolved "http://vtex.vtexassets.com/_v/public/typings/v1/vtex.product-identifier@0.5.0/public/@types/vtex.product-identifier#f5d442b6a7ca648c61e8655a356e8588e49c43b2"
  
  "vtex.product-kit@http://vtex.vtexassets.com/_v/public/typings/v1/vtex.product-kit@1.10.2/public/_types/react":
    version "0.0.0"
    resolved "http://vtex.vtexassets.com/_v/public/typings/v1/vtex.product-kit@1.10.2/public/_types/react#fa7a0347e046eab3dd768998fc9252b2c0dd5aef"
  
  "vtex.product-list@http://vtex.vtexassets.com/_v/public/typings/v1/vtex.product-list@0.37.3/public/@types/vtex.product-list":
    version "0.37.3"
    resolved "http://vtex.vtexassets.com/_v/public/typings/v1/vtex.product-list@0.37.3/public/@types/vtex.product-list#cb28a95af49795fff2ca0a7b912bced2226f539d"
  
  "vtex.product-price@http://vtex.vtexassets.com/_v/public/typings/v1/vtex.product-price@1.31.2/public/@types/vtex.product-price":
    version "1.31.2"
    resolved "http://vtex.vtexassets.com/_v/public/typings/v1/vtex.product-price@1.31.2/public/@types/vtex.product-price#be552bf1afd1988811ef68a465d5aba7f55a8465"
  
  "vtex.product-quantity@http://vtex.vtexassets.com/_v/public/typings/v1/vtex.product-quantity@1.9.0/public/@types/vtex.product-quantity":
    version "1.9.0"
    resolved "http://vtex.vtexassets.com/_v/public/typings/v1/vtex.product-quantity@1.9.0/public/@types/vtex.product-quantity#686536c85e0bf7af98f803dc4385f959c181bb07"
  
  "vtex.product-review-interfaces@http://vtex.vtexassets.com/_v/public/typings/v1/vtex.product-review-interfaces@1.0.2/public/_types/react":
    version "1.0.2"
    resolved "http://vtex.vtexassets.com/_v/public/typings/v1/vtex.product-review-interfaces@1.0.2/public/_types/react#84d1997cdae079d1401611f3d4a4619ed914673f"
  
  "vtex.product-specification-badges@http://vtex.vtexassets.com/_v/public/typings/v1/vtex.product-specification-badges@0.4.1/public/@types/vtex.product-specification-badges":
    version "0.4.1"
    resolved "http://vtex.vtexassets.com/_v/public/typings/v1/vtex.product-specification-badges@0.4.1/public/@types/vtex.product-specification-badges#2c8416e3c69b6b4b0e73b81fff67b448743b38a3"
  
  "vtex.product-specifications@http://vtex.vtexassets.com/_v/public/typings/v1/vtex.product-specifications@1.1.1/public/@types/vtex.product-specifications":
    version "1.1.1"
    resolved "http://vtex.vtexassets.com/_v/public/typings/v1/vtex.product-specifications@1.1.1/public/@types/vtex.product-specifications#f680211515fcab9f5498804df9402369ef2dabb8"
  
  "vtex.product-summary-context@http://vtex.vtexassets.com/_v/public/typings/v1/vtex.product-summary-context@0.12.0/public/@types/vtex.product-summary-context":
    version "0.12.0"
    resolved "http://vtex.vtexassets.com/_v/public/typings/v1/vtex.product-summary-context@0.12.0/public/@types/vtex.product-summary-context#423c6d700447d0a443ca64a5374dc97928727ff0"
  
  "vtex.product-summary@http://vtex.vtexassets.com/_v/public/typings/v1/vtex.product-summary@2.90.4/public/@types/vtex.product-summary":
    version "2.90.4"
    resolved "http://vtex.vtexassets.com/_v/public/typings/v1/vtex.product-summary@2.90.4/public/@types/vtex.product-summary#fd8e1c455dc9363d86cfa957503d511d43458178"
  
  "vtex.profile-form@http://vtex.vtexassets.com/_v/public/typings/v1/vtex.profile-form@2.21.0/public/@types/vtex.profile-form":
    version "2.21.0"
    resolved "http://vtex.vtexassets.com/_v/public/typings/v1/vtex.profile-form@2.21.0/public/@types/vtex.profile-form#3509aea7c6b927187ada27ddb4a4b7adc413de71"
  
  "vtex.render-runtime@http://vtex.vtexassets.com/_v/public/typings/v1/vtex.render-runtime@8.136.1/public/@types/vtex.render-runtime":
    version "8.136.1"
    resolved "http://vtex.vtexassets.com/_v/public/typings/v1/vtex.render-runtime@8.136.1/public/@types/vtex.render-runtime#f163acbdb0fcc9be2065a34eb4fc797093f6d0ce"
  
  "vtex.responsive-layout@http://vtex.vtexassets.com/_v/public/typings/v1/vtex.responsive-layout@0.1.4/public/@types/vtex.responsive-layout":
    version "0.1.4"
    resolved "http://vtex.vtexassets.com/_v/public/typings/v1/vtex.responsive-layout@0.1.4/public/@types/vtex.responsive-layout#e67d61ec1e308accb4e0ef2bd172fe04a41bf662"
  
  "vtex.rich-text@http://vtex.vtexassets.com/_v/public/typings/v1/vtex.rich-text@0.16.0/public/@types/vtex.rich-text":
    version "0.16.0"
    resolved "http://vtex.vtexassets.com/_v/public/typings/v1/vtex.rich-text@0.16.0/public/@types/vtex.rich-text#0cdcaccffb37ae0d025894ba7055f69bc3c9aa30"
  
  "vtex.search-graphql@http://vtex.vtexassets.com/_v/public/typings/v1/vtex.search-graphql@0.69.0/public/@types/vtex.search-graphql":
    version "0.69.0"
    resolved "http://vtex.vtexassets.com/_v/public/typings/v1/vtex.search-graphql@0.69.0/public/@types/vtex.search-graphql#a7aee08aba56d361496154b20e4f4f388ed9bf73"
  
  "vtex.search-page-context@http://vtex.vtexassets.com/_v/public/typings/v1/vtex.search-page-context@0.2.0/public/@types/vtex.search-page-context":
    version "0.2.0"
    resolved "http://vtex.vtexassets.com/_v/public/typings/v1/vtex.search-page-context@0.2.0/public/@types/vtex.search-page-context#1b37f20648d8e4ff062ae9fffb0aa2718f172af7"
  
  "vtex.search-result@http://vtex.vtexassets.com/_v/public/typings/v1/vtex.search-result@3.136.1/public/@types/vtex.search-result":
    version "3.136.1"
    resolved "http://vtex.vtexassets.com/_v/public/typings/v1/vtex.search-result@3.136.1/public/@types/vtex.search-result#bf6cd0c5f2340cd70cc5736f4228f6dad34874c4"
  
  "vtex.search@http://vtex.vtexassets.com/_v/public/typings/v1/vtex.search@1.5.1/public/@types/vtex.search":
    version "1.5.1"
    resolved "http://vtex.vtexassets.com/_v/public/typings/v1/vtex.search@1.5.1/public/@types/vtex.search#e85835c240a129ce08cf5dc17fe2af3a87bec667"
  
  "vtex.shelf-components@http://vtex.vtexassets.com/_v/public/typings/v1/vtex.shelf-components@0.10.1/public/@types/vtex.shelf-components":
    version "0.10.1"
    resolved "http://vtex.vtexassets.com/_v/public/typings/v1/vtex.shelf-components@0.10.1/public/@types/vtex.shelf-components#f029c09686e7da75f9b01a3452f3f74a372d5459"
  
  "vtex.shelf@http://vtex.vtexassets.com/_v/public/typings/v1/vtex.shelf@1.49.0/public/@types/vtex.shelf":
    version "1.49.0"
    resolved "http://vtex.vtexassets.com/_v/public/typings/v1/vtex.shelf@1.49.0/public/@types/vtex.shelf#32b849d3bd8bf07570cca0de801ee9a8708b869c"
  
  "vtex.slider-layout@http://vtex.vtexassets.com/_v/public/typings/v1/vtex.slider-layout@0.24.7/public/@types/vtex.slider-layout":
    version "0.24.7"
    resolved "http://vtex.vtexassets.com/_v/public/typings/v1/vtex.slider-layout@0.24.7/public/@types/vtex.slider-layout#1621fb65f43bdcf15f1d0ed818c1f0563a9f76ac"
  
  "vtex.slider@http://vtex.vtexassets.com/_v/public/typings/v1/vtex.slider@0.8.3/public/@types/vtex.slider":
    version "0.8.3"
    resolved "http://vtex.vtexassets.com/_v/public/typings/v1/vtex.slider@0.8.3/public/@types/vtex.slider#9b7be08012a5d3ec41fdc651235a964cb5f7db85"
  
  "vtex.stack-layout@http://vtex.vtexassets.com/_v/public/typings/v1/vtex.stack-layout@0.1.2/public/@types/vtex.stack-layout":
    version "0.1.2"
    resolved "http://vtex.vtexassets.com/_v/public/typings/v1/vtex.stack-layout@0.1.2/public/@types/vtex.stack-layout#ad7aa25e9102032b40cf7a3661c1f679860c63c2"
  
  "vtex.sticky-layout@http://vtex.vtexassets.com/_v/public/typings/v1/vtex.sticky-layout@0.3.4/public/@types/vtex.sticky-layout":
    version "0.3.4"
    resolved "http://vtex.vtexassets.com/_v/public/typings/v1/vtex.sticky-layout@0.3.4/public/@types/vtex.sticky-layout#5b786d6f9ab0a40e4997c955a75885eee32515ef"
  
  "vtex.store-components@http://vtex.vtexassets.com/_v/public/typings/v1/vtex.store-components@3.178.0/public/@types/vtex.store-components":
    version "3.178.0"
    resolved "http://vtex.vtexassets.com/_v/public/typings/v1/vtex.store-components@3.178.0/public/@types/vtex.store-components#550f859ed4eb8bbbf11c12d0a6c11a0c98811fba"
  
  "vtex.store-drawer@http://vtex.vtexassets.com/_v/public/typings/v1/vtex.store-drawer@0.18.1/public/@types/vtex.store-drawer":
    version "0.18.1"
    resolved "http://vtex.vtexassets.com/_v/public/typings/v1/vtex.store-drawer@0.18.1/public/@types/vtex.store-drawer#6a9c41b35d9f992c7683f2d275c0817271619075"
  
  "vtex.store-footer@http://vtex.vtexassets.com/_v/public/typings/v1/vtex.store-footer@2.27.0/public/@types/vtex.store-footer":
    version "2.27.0"
    resolved "http://vtex.vtexassets.com/_v/public/typings/v1/vtex.store-footer@2.27.0/public/@types/vtex.store-footer#81c4e23689a6d4e97d6b8b8de930f76c7dfdcbd9"
  
  "vtex.store-form@http://vtex.vtexassets.com/_v/public/typings/v1/vtex.store-form@0.10.1/public/@types/vtex.store-form":
    version "0.10.1"
    resolved "http://vtex.vtexassets.com/_v/public/typings/v1/vtex.store-form@0.10.1/public/@types/vtex.store-form#fc5b27638a1cebaf739c03a951f750a3642e2860"
  
  "vtex.store-graphql@http://vtex.vtexassets.com/_v/public/typings/v1/vtex.store-graphql@2.173.0/public/@types/vtex.store-graphql":
    version "2.173.0"
    resolved "http://vtex.vtexassets.com/_v/public/typings/v1/vtex.store-graphql@2.173.0/public/@types/vtex.store-graphql#362658f92478790755777fe325c4e3a90afc877d"
  
  "vtex.store-header@http://vtex.vtexassets.com/_v/public/typings/v1/vtex.store-header@2.29.0/public/@types/vtex.store-header":
    version "2.29.0"
    resolved "http://vtex.vtexassets.com/_v/public/typings/v1/vtex.store-header@2.29.0/public/@types/vtex.store-header#702033f782c6c25ae2fed42b5a3703db5fd1ac87"
  
  "vtex.store-icons@http://vtex.vtexassets.com/_v/public/typings/v1/vtex.store-icons@0.18.0/public/@types/vtex.store-icons":
    version "0.18.0"
    resolved "http://vtex.vtexassets.com/_v/public/typings/v1/vtex.store-icons@0.18.0/public/@types/vtex.store-icons#0ee94d549aa283ce3a13ab987c13eac4fdfd1bba"
  
  "vtex.store-image@http://vtex.vtexassets.com/_v/public/typings/v1/vtex.store-image@0.23.1/public/@types/vtex.store-image":
    version "0.23.1"
    resolved "http://vtex.vtexassets.com/_v/public/typings/v1/vtex.store-image@0.23.1/public/@types/vtex.store-image#057991d97102568bcd7b1dadfd11e5e8ae6f2d98"
  
  "vtex.store-link@http://vtex.vtexassets.com/_v/public/typings/v1/vtex.store-link@0.9.3/public/@types/vtex.store-link":
    version "0.9.3"
    resolved "http://vtex.vtexassets.com/_v/public/typings/v1/vtex.store-link@0.9.3/public/@types/vtex.store-link#aedb5f66c1d478bcc14041f6232fa30a912a88fd"
  
  "vtex.store-video@http://vtex.vtexassets.com/_v/public/typings/v1/vtex.store-video@1.4.3/public/@types/vtex.store-video":
    version "1.4.3"
    resolved "http://vtex.vtexassets.com/_v/public/typings/v1/vtex.store-video@1.4.3/public/@types/vtex.store-video#39c9ebc2b1d0edbf3310226b6d93bc1c09091856"
  
  "vtex.store@http://vtex.vtexassets.com/_v/public/typings/v1/vtex.store@2.142.0/public/@types/vtex.store":
    version "2.142.0"
    resolved "http://vtex.vtexassets.com/_v/public/typings/v1/vtex.store@2.142.0/public/@types/vtex.store#b7041bfad202628d8340f7716e4bdab07b8c0169"
  
  "vtex.styleguide@http://vtex.vtexassets.com/_v/public/typings/v1/vtex.styleguide@9.146.13/public/@types/vtex.styleguide":
    version "9.146.13"
    resolved "http://vtex.vtexassets.com/_v/public/typings/v1/vtex.styleguide@9.146.13/public/@types/vtex.styleguide#f4ccbc54621bf5114ddd115b6032ae320f2eba55"
  
  "vtex.tab-layout@http://vtex.vtexassets.com/_v/public/typings/v1/vtex.tab-layout@0.4.6/public/@types/vtex.tab-layout":
    version "0.4.6"
    resolved "http://vtex.vtexassets.com/_v/public/typings/v1/vtex.tab-layout@0.4.6/public/@types/vtex.tab-layout#d0331c51239c0f677e1e405a967eb3e7dcad5cb9"
  
  "vtex.telemarketing@http://vtex.vtexassets.com/_v/public/typings/v1/vtex.telemarketing@2.12.1/public/@types/vtex.telemarketing":
    version "2.12.1"
    resolved "http://vtex.vtexassets.com/_v/public/typings/v1/vtex.telemarketing@2.12.1/public/@types/vtex.telemarketing#0b43598b66598b4085af04268140ea8a8d84e263"
  
  "vtex.toggle-layout@http://vtex.vtexassets.com/_v/public/typings/v1/vtex.toggle-layout@0.0.3/public/@types/vtex.toggle-layout":
    version "0.0.3"
    resolved "http://vtex.vtexassets.com/_v/public/typings/v1/vtex.toggle-layout@0.0.3/public/@types/vtex.toggle-layout#71905a5085c8b19a9946c07fbdcc96e0f8d758a8"
  
  "vtex.visibility-layout@http://vtex.vtexassets.com/_v/public/typings/v1/vtex.visibility-layout@0.2.1/public/@types/vtex.visibility-layout":
    version "0.2.1"
    resolved "http://vtex.vtexassets.com/_v/public/typings/v1/vtex.visibility-layout@0.2.1/public/@types/vtex.visibility-layout#ceb2926c8a9e2dbec9c4c637f2c3e2317ec9ec46"
